<?xml version="1.0" encoding="UTF-8"?>
<!-- Generated by org.testng.reporters.JUnitReportReporter -->
<testsuite hostname="sudhakar-PC" failures="0" tests="1" name="ADMINQUALIFICATION.AddEmpUser" time="54.487" errors="0" timestamp="31 Mar 2019 09:20:34 GMT" skipped="0">
  <testcase classname="ADMINQUALIFICATION.AddEmpUser" name="AddEmp_datadriventest" time="54.487"/>
</testsuite> <!-- ADMINQUALIFICATION.AddEmpUser -->
