<?xml version="1.0" encoding="UTF-8"?>
<!-- Generated by org.testng.reporters.JUnitReportReporter -->
<testsuite hostname="sudhakar-PC" failures="0" tests="1" name="ADMINQUALIFICATION.EducationExport" time="30.341" errors="1" timestamp="03 Apr 2019 04:15:02 GMT" skipped="0">
  <testcase classname="ADMINQUALIFICATION.EducationExport" name="ExportAllEducation" time="30.341">
    <error type="java.lang.StackOverflowError">
      <![CDATA[java.lang.StackOverflowError
at ADMINQUALIFICATION.EducationExport.findElement(EducationExport.java:107)
at ADMINQUALIFICATION.EducationExport.findElement(EducationExport.java:107)
at ADMINQUALIFICATION.EducationExport.findElement(EducationExport.java:107)
at ADMINQUALIFICATION.EducationExport.findElement(EducationExport.java:107)
at ADMINQUALIFICATION.EducationExport.findElement(EducationExport.java:107)
at ADMINQUALIFICATION.EducationExport.findElement(EducationExport.java:107)
at ADMINQUALIFICATION.EducationExport.findElement(EducationExport.java:107)
at ADMINQUALIFICATION.EducationExport.findElement(EducationExport.java:107)
at ADMINQUALIFICATION.EducationExport.findElement(EducationExport.java:107)
at ADMINQUALIFICATION.EducationExport.findElement(EducationExport.java:107)
at ADMINQUALIFICATION.EducationExport.findElement(EducationExport.java:107)
at ADMINQUALIFICATION.EducationExport.findElement(EducationExport.java:107)
at ADMINQUALIFICATION.EducationExport.findElement(EducationExport.java:107)
at ADMINQUALIFICATION.EducationExport.findElement(EducationExport.java:107)
at ADMINQUALIFICATION.EducationExport.findElement(EducationExport.java:107)
at ADMINQUALIFICATION.EducationExport.findElement(EducationExport.java:107)
at ADMINQUALIFICATION.EducationExport.findElement(EducationExport.java:107)
at ADMINQUALIFICATION.EducationExport.findElement(EducationExport.java:107)
at ADMINQUALIFICATION.EducationExport.findElement(EducationExport.java:107)
at ADMINQUALIFICATION.EducationExport.findElement(EducationExport.java:107)
at ADMINQUALIFICATION.EducationExport.findElement(EducationExport.java:107)
at ADMINQUALIFICATION.EducationExport.findElement(EducationExport.java:107)
at ADMINQUALIFICATION.EducationExport.findElement(EducationExport.java:107)
at ADMINQUALIFICATION.EducationExport.findElement(EducationExport.java:107)
at ADMINQUALIFICATION.EducationExport.findElement(EducationExport.java:107)
at ADMINQUALIFICATION.EducationExport.findElement(EducationExport.java:107)
at ADMINQUALIFICATION.EducationExport.findElement(EducationExport.java:107)
at ADMINQUALIFICATION.EducationExport.findElement(EducationExport.java:107)
at ADMINQUALIFICATION.EducationExport.findElement(EducationExport.java:107)
at ADMINQUALIFICATION.EducationExport.findElement(EducationExport.java:107)
at ADMINQUALIFICATION.EducationExport.findElement(EducationExport.java:107)
at ADMINQUALIFICATION.EducationExport.findElement(EducationExport.java:107)
at ADMINQUALIFICATION.EducationExport.findElement(EducationExport.java:107)
at ADMINQUALIFICATION.EducationExport.findElement(EducationExport.java:107)
at ADMINQUALIFICATION.EducationExport.findElement(EducationExport.java:107)
at ADMINQUALIFICATION.EducationExport.findElement(EducationExport.java:107)
at ADMINQUALIFICATION.EducationExport.findElement(EducationExport.java:107)
at ADMINQUALIFICATION.EducationExport.findElement(EducationExport.java:107)
at ADMINQUALIFICATION.EducationExport.findElement(EducationExport.java:107)
at ADMINQUALIFICATION.EducationExport.findElement(EducationExport.java:107)
at ADMINQUALIFICATION.EducationExport.findElement(EducationExport.java:107)
at ADMINQUALIFICATION.EducationExport.findElement(EducationExport.java:107)
at ADMINQUALIFICATION.EducationExport.findElement(EducationExport.java:107)
at ADMINQUALIFICATION.EducationExport.findElement(EducationExport.java:107)
at ADMINQUALIFICATION.EducationExport.findElement(EducationExport.java:107)
at ADMINQUALIFICATION.EducationExport.findElement(EducationExport.java:107)
at ADMINQUALIFICATION.EducationExport.findElement(EducationExport.java:107)
at ADMINQUALIFICATION.EducationExport.findElement(EducationExport.java:107)
at ADMINQUALIFICATION.EducationExport.findElement(EducationExport.java:107)
at ADMINQUALIFICATION.EducationExport.findElement(EducationExport.java:107)
at ADMINQUALIFICATION.EducationExport.findElement(EducationExport.java:107)
at ADMINQUALIFICATION.EducationExport.findElement(EducationExport.java:107)
at ADMINQUALIFICATION.EducationExport.findElement(EducationExport.java:107)
at ADMINQUALIFICATION.EducationExport.findElement(EducationExport.java:107)
at ADMINQUALIFICATION.EducationExport.findElement(EducationExport.java:107)
at ADMINQUALIFICATION.EducationExport.findElement(EducationExport.java:107)
at ADMINQUALIFICATION.EducationExport.findElement(EducationExport.java:107)
at ADMINQUALIFICATION.EducationExport.findElement(EducationExport.java:107)
at ADMINQUALIFICATION.EducationExport.findElement(EducationExport.java:107)
at ADMINQUALIFICATION.EducationExport.findElement(EducationExport.java:107)
at ADMINQUALIFICATION.EducationExport.findElement(EducationExport.java:107)
at ADMINQUALIFICATION.EducationExport.findElement(EducationExport.java:107)
at ADMINQUALIFICATION.EducationExport.findElement(EducationExport.java:107)
at ADMINQUALIFICATION.EducationExport.findElement(EducationExport.java:107)
at ADMINQUALIFICATION.EducationExport.findElement(EducationExport.java:107)
at ADMINQUALIFICATION.EducationExport.findElement(EducationExport.java:107)
at ADMINQUALIFICATION.EducationExport.findElement(EducationExport.java:107)
at ADMINQUALIFICATION.EducationExport.findElement(EducationExport.java:107)
at ADMINQUALIFICATION.EducationExport.findElement(EducationExport.java:107)
at ADMINQUALIFICATION.EducationExport.findElement(EducationExport.java:107)
at ADMINQUALIFICATION.EducationExport.findElement(EducationExport.java:107)
at ADMINQUALIFICATION.EducationExport.findElement(EducationExport.java:107)
at ADMINQUALIFICATION.EducationExport.findElement(EducationExport.java:107)
at ADMINQUALIFICATION.EducationExport.findElement(EducationExport.java:107)
at ADMINQUALIFICATION.EducationExport.findElement(EducationExport.java:107)
at ADMINQUALIFICATION.EducationExport.findElement(EducationExport.java:107)
at ADMINQUALIFICATION.EducationExport.findElement(EducationExport.java:107)
at ADMINQUALIFICATION.EducationExport.findElement(EducationExport.java:107)
at ADMINQUALIFICATION.EducationExport.findElement(EducationExport.java:107)
at ADMINQUALIFICATION.EducationExport.findElement(EducationExport.java:107)
at ADMINQUALIFICATION.EducationExport.findElement(EducationExport.java:107)
at ADMINQUALIFICATION.EducationExport.findElement(EducationExport.java:107)
at ADMINQUALIFICATION.EducationExport.findElement(EducationExport.java:107)
at ADMINQUALIFICATION.EducationExport.findElement(EducationExport.java:107)
at ADMINQUALIFICATION.EducationExport.findElement(EducationExport.java:107)
at ADMINQUALIFICATION.EducationExport.findElement(EducationExport.java:107)
at ADMINQUALIFICATION.EducationExport.findElement(EducationExport.java:107)
at ADMINQUALIFICATION.EducationExport.findElement(EducationExport.java:107)
at ADMINQUALIFICATION.EducationExport.findElement(EducationExport.java:107)
at ADMINQUALIFICATION.EducationExport.findElement(EducationExport.java:107)
at ADMINQUALIFICATION.EducationExport.findElement(EducationExport.java:107)
at ADMINQUALIFICATION.EducationExport.findElement(EducationExport.java:107)
at ADMINQUALIFICATION.EducationExport.findElement(EducationExport.java:107)
at ADMINQUALIFICATION.EducationExport.findElement(EducationExport.java:107)
at ADMINQUALIFICATION.EducationExport.findElement(EducationExport.java:107)
at ADMINQUALIFICATION.EducationExport.findElement(EducationExport.java:107)
at ADMINQUALIFICATION.EducationExport.findElement(EducationExport.java:107)
at ADMINQUALIFICATION.EducationExport.findElement(EducationExport.java:107)
at ADMINQUALIFICATION.EducationExport.findElement(EducationExport.java:107)
at ADMINQUALIFICATION.EducationExport.findElement(EducationExport.java:107)
at ADMINQUALIFICATION.EducationExport.findElement(EducationExport.java:107)
at ADMINQUALIFICATION.EducationExport.findElement(EducationExport.java:107)
at ADMINQUALIFICATION.EducationExport.findElement(EducationExport.java:107)
at ADMINQUALIFICATION.EducationExport.findElement(EducationExport.java:107)
at ADMINQUALIFICATION.EducationExport.findElement(EducationExport.java:107)
at ADMINQUALIFICATION.EducationExport.findElement(EducationExport.java:107)
at ADMINQUALIFICATION.EducationExport.findElement(EducationExport.java:107)
at ADMINQUALIFICATION.EducationExport.findElement(EducationExport.java:107)
at ADMINQUALIFICATION.EducationExport.findElement(EducationExport.java:107)
at ADMINQUALIFICATION.EducationExport.findElement(EducationExport.java:107)
at ADMINQUALIFICATION.EducationExport.findElement(EducationExport.java:107)
at ADMINQUALIFICATION.EducationExport.findElement(EducationExport.java:107)
at ADMINQUALIFICATION.EducationExport.findElement(EducationExport.java:107)
at ADMINQUALIFICATION.EducationExport.findElement(EducationExport.java:107)
at ADMINQUALIFICATION.EducationExport.findElement(EducationExport.java:107)
at ADMINQUALIFICATION.EducationExport.findElement(EducationExport.java:107)
at ADMINQUALIFICATION.EducationExport.findElement(EducationExport.java:107)
at ADMINQUALIFICATION.EducationExport.findElement(EducationExport.java:107)
at ADMINQUALIFICATION.EducationExport.findElement(EducationExport.java:107)
at ADMINQUALIFICATION.EducationExport.findElement(EducationExport.java:107)
at ADMINQUALIFICATION.EducationExport.findElement(EducationExport.java:107)
at ADMINQUALIFICATION.EducationExport.findElement(EducationExport.java:107)
at ADMINQUALIFICATION.EducationExport.findElement(EducationExport.java:107)
at ADMINQUALIFICATION.EducationExport.findElement(EducationExport.java:107)
at ADMINQUALIFICATION.EducationExport.findElement(EducationExport.java:107)
at ADMINQUALIFICATION.EducationExport.findElement(EducationExport.java:107)
at ADMINQUALIFICATION.EducationExport.findElement(EducationExport.java:107)
at ADMINQUALIFICATION.EducationExport.findElement(EducationExport.java:107)
at ADMINQUALIFICATION.EducationExport.findElement(EducationExport.java:107)
at ADMINQUALIFICATION.EducationExport.findElement(EducationExport.java:107)
at ADMINQUALIFICATION.EducationExport.findElement(EducationExport.java:107)
at ADMINQUALIFICATION.EducationExport.findElement(EducationExport.java:107)
at ADMINQUALIFICATION.EducationExport.findElement(EducationExport.java:107)
at ADMINQUALIFICATION.EducationExport.findElement(EducationExport.java:107)
at ADMINQUALIFICATION.EducationExport.findElement(EducationExport.java:107)
at ADMINQUALIFICATION.EducationExport.findElement(EducationExport.java:107)
at ADMINQUALIFICATION.EducationExport.findElement(EducationExport.java:107)
at ADMINQUALIFICATION.EducationExport.findElement(EducationExport.java:107)
at ADMINQUALIFICATION.EducationExport.findElement(EducationExport.java:107)
at ADMINQUALIFICATION.EducationExport.findElement(EducationExport.java:107)
at ADMINQUALIFICATION.EducationExport.findElement(EducationExport.java:107)
at ADMINQUALIFICATION.EducationExport.findElement(EducationExport.java:107)
at ADMINQUALIFICATION.EducationExport.findElement(EducationExport.java:107)
at ADMINQUALIFICATION.EducationExport.findElement(EducationExport.java:107)
at ADMINQUALIFICATION.EducationExport.findElement(EducationExport.java:107)
at ADMINQUALIFICATION.EducationExport.findElement(EducationExport.java:107)
at ADMINQUALIFICATION.EducationExport.findElement(EducationExport.java:107)
at ADMINQUALIFICATION.EducationExport.findElement(EducationExport.java:107)
at ADMINQUALIFICATION.EducationExport.findElement(EducationExport.java:107)
at ADMINQUALIFICATION.EducationExport.findElement(EducationExport.java:107)
at ADMINQUALIFICATION.EducationExport.findElement(EducationExport.java:107)
at ADMINQUALIFICATION.EducationExport.findElement(EducationExport.java:107)
at ADMINQUALIFICATION.EducationExport.findElement(EducationExport.java:107)
at ADMINQUALIFICATION.EducationExport.findElement(EducationExport.java:107)
at ADMINQUALIFICATION.EducationExport.findElement(EducationExport.java:107)
at ADMINQUALIFICATION.EducationExport.findElement(EducationExport.java:107)
at ADMINQUALIFICATION.EducationExport.findElement(EducationExport.java:107)
at ADMINQUALIFICATION.EducationExport.findElement(EducationExport.java:107)
at ADMINQUALIFICATION.EducationExport.findElement(EducationExport.java:107)
at ADMINQUALIFICATION.EducationExport.findElement(EducationExport.java:107)
at ADMINQUALIFICATION.EducationExport.findElement(EducationExport.java:107)
at ADMINQUALIFICATION.EducationExport.findElement(EducationExport.java:107)
at ADMINQUALIFICATION.EducationExport.findElement(EducationExport.java:107)
at ADMINQUALIFICATION.EducationExport.findElement(EducationExport.java:107)
at ADMINQUALIFICATION.EducationExport.findElement(EducationExport.java:107)
at ADMINQUALIFICATION.EducationExport.findElement(EducationExport.java:107)
at ADMINQUALIFICATION.EducationExport.findElement(EducationExport.java:107)
at ADMINQUALIFICATION.EducationExport.findElement(EducationExport.java:107)
at ADMINQUALIFICATION.EducationExport.findElement(EducationExport.java:107)
at ADMINQUALIFICATION.EducationExport.findElement(EducationExport.java:107)
at ADMINQUALIFICATION.EducationExport.findElement(EducationExport.java:107)
at ADMINQUALIFICATION.EducationExport.findElement(EducationExport.java:107)
at ADMINQUALIFICATION.EducationExport.findElement(EducationExport.java:107)
at ADMINQUALIFICATION.EducationExport.findElement(EducationExport.java:107)
at ADMINQUALIFICATION.EducationExport.findElement(EducationExport.java:107)
at ADMINQUALIFICATION.EducationExport.findElement(EducationExport.java:107)
at ADMINQUALIFICATION.EducationExport.findElement(EducationExport.java:107)
at ADMINQUALIFICATION.EducationExport.findElement(EducationExport.java:107)
at ADMINQUALIFICATION.EducationExport.findElement(EducationExport.java:107)
at ADMINQUALIFICATION.EducationExport.findElement(EducationExport.java:107)
at ADMINQUALIFICATION.EducationExport.findElement(EducationExport.java:107)
at ADMINQUALIFICATION.EducationExport.findElement(EducationExport.java:107)
at ADMINQUALIFICATION.EducationExport.findElement(EducationExport.java:107)
at ADMINQUALIFICATION.EducationExport.findElement(EducationExport.java:107)
at ADMINQUALIFICATION.EducationExport.findElement(EducationExport.java:107)
at ADMINQUALIFICATION.EducationExport.findElement(EducationExport.java:107)
at ADMINQUALIFICATION.EducationExport.findElement(EducationExport.java:107)
at ADMINQUALIFICATION.EducationExport.findElement(EducationExport.java:107)
at ADMINQUALIFICATION.EducationExport.findElement(EducationExport.java:107)
at ADMINQUALIFICATION.EducationExport.findElement(EducationExport.java:107)
at ADMINQUALIFICATION.EducationExport.findElement(EducationExport.java:107)
at ADMINQUALIFICATION.EducationExport.findElement(EducationExport.java:107)
at ADMINQUALIFICATION.EducationExport.findElement(EducationExport.java:107)
at ADMINQUALIFICATION.EducationExport.findElement(EducationExport.java:107)
at ADMINQUALIFICATION.EducationExport.findElement(EducationExport.java:107)
at ADMINQUALIFICATION.EducationExport.findElement(EducationExport.java:107)
at ADMINQUALIFICATION.EducationExport.findElement(EducationExport.java:107)
at ADMINQUALIFICATION.EducationExport.findElement(EducationExport.java:107)
at ADMINQUALIFICATION.EducationExport.findElement(EducationExport.java:107)
at ADMINQUALIFICATION.EducationExport.findElement(EducationExport.java:107)
at ADMINQUALIFICATION.EducationExport.findElement(EducationExport.java:107)
at ADMINQUALIFICATION.EducationExport.findElement(EducationExport.java:107)
at ADMINQUALIFICATION.EducationExport.findElement(EducationExport.java:107)
at ADMINQUALIFICATION.EducationExport.findElement(EducationExport.java:107)
at ADMINQUALIFICATION.EducationExport.findElement(EducationExport.java:107)
at ADMINQUALIFICATION.EducationExport.findElement(EducationExport.java:107)
at ADMINQUALIFICATION.EducationExport.findElement(EducationExport.java:107)
at ADMINQUALIFICATION.EducationExport.findElement(EducationExport.java:107)
at ADMINQUALIFICATION.EducationExport.findElement(EducationExport.java:107)
at ADMINQUALIFICATION.EducationExport.findElement(EducationExport.java:107)
at ADMINQUALIFICATION.EducationExport.findElement(EducationExport.java:107)
at ADMINQUALIFICATION.EducationExport.findElement(EducationExport.java:107)
at ADMINQUALIFICATION.EducationExport.findElement(EducationExport.java:107)
at ADMINQUALIFICATION.EducationExport.findElement(EducationExport.java:107)
at ADMINQUALIFICATION.EducationExport.findElement(EducationExport.java:107)
at ADMINQUALIFICATION.EducationExport.findElement(EducationExport.java:107)
at ADMINQUALIFICATION.EducationExport.findElement(EducationExport.java:107)
at ADMINQUALIFICATION.EducationExport.findElement(EducationExport.java:107)
at ADMINQUALIFICATION.EducationExport.findElement(EducationExport.java:107)
at ADMINQUALIFICATION.EducationExport.findElement(EducationExport.java:107)
at ADMINQUALIFICATION.EducationExport.findElement(EducationExport.java:107)
at ADMINQUALIFICATION.EducationExport.findElement(EducationExport.java:107)
at ADMINQUALIFICATION.EducationExport.findElement(EducationExport.java:107)
at ADMINQUALIFICATION.EducationExport.findElement(EducationExport.java:107)
at ADMINQUALIFICATION.EducationExport.findElement(EducationExport.java:107)
at ADMINQUALIFICATION.EducationExport.findElement(EducationExport.java:107)
at ADMINQUALIFICATION.EducationExport.findElement(EducationExport.java:107)
at ADMINQUALIFICATION.EducationExport.findElement(EducationExport.java:107)
at ADMINQUALIFICATION.EducationExport.findElement(EducationExport.java:107)
at ADMINQUALIFICATION.EducationExport.findElement(EducationExport.java:107)
at ADMINQUALIFICATION.EducationExport.findElement(EducationExport.java:107)
at ADMINQUALIFICATION.EducationExport.findElement(EducationExport.java:107)
at ADMINQUALIFICATION.EducationExport.findElement(EducationExport.java:107)
at ADMINQUALIFICATION.EducationExport.findElement(EducationExport.java:107)
at ADMINQUALIFICATION.EducationExport.findElement(EducationExport.java:107)
at ADMINQUALIFICATION.EducationExport.findElement(EducationExport.java:107)
at ADMINQUALIFICATION.EducationExport.findElement(EducationExport.java:107)
at ADMINQUALIFICATION.EducationExport.findElement(EducationExport.java:107)
at ADMINQUALIFICATION.EducationExport.findElement(EducationExport.java:107)
at ADMINQUALIFICATION.EducationExport.findElement(EducationExport.java:107)
at ADMINQUALIFICATION.EducationExport.findElement(EducationExport.java:107)
at ADMINQUALIFICATION.EducationExport.findElement(EducationExport.java:107)
at ADMINQUALIFICATION.EducationExport.findElement(EducationExport.java:107)
at ADMINQUALIFICATION.EducationExport.findElement(EducationExport.java:107)
at ADMINQUALIFICATION.EducationExport.findElement(EducationExport.java:107)
at ADMINQUALIFICATION.EducationExport.findElement(EducationExport.java:107)
at ADMINQUALIFICATION.EducationExport.findElement(EducationExport.java:107)
at ADMINQUALIFICATION.EducationExport.findElement(EducationExport.java:107)
at ADMINQUALIFICATION.EducationExport.findElement(EducationExport.java:107)
at ADMINQUALIFICATION.EducationExport.findElement(EducationExport.java:107)
at ADMINQUALIFICATION.EducationExport.findElement(EducationExport.java:107)
at ADMINQUALIFICATION.EducationExport.findElement(EducationExport.java:107)
at ADMINQUALIFICATION.EducationExport.findElement(EducationExport.java:107)
at ADMINQUALIFICATION.EducationExport.findElement(EducationExport.java:107)
at ADMINQUALIFICATION.EducationExport.findElement(EducationExport.java:107)
at ADMINQUALIFICATION.EducationExport.findElement(EducationExport.java:107)
at ADMINQUALIFICATION.EducationExport.findElement(EducationExport.java:107)
at ADMINQUALIFICATION.EducationExport.findElement(EducationExport.java:107)
at ADMINQUALIFICATION.EducationExport.findElement(EducationExport.java:107)
at ADMINQUALIFICATION.EducationExport.findElement(EducationExport.java:107)
at ADMINQUALIFICATION.EducationExport.findElement(EducationExport.java:107)
at ADMINQUALIFICATION.EducationExport.findElement(EducationExport.java:107)
at ADMINQUALIFICATION.EducationExport.findElement(EducationExport.java:107)
at ADMINQUALIFICATION.EducationExport.findElement(EducationExport.java:107)
at ADMINQUALIFICATION.EducationExport.findElement(EducationExport.java:107)
at ADMINQUALIFICATION.EducationExport.findElement(EducationExport.java:107)
at ADMINQUALIFICATION.EducationExport.findElement(EducationExport.java:107)
at ADMINQUALIFICATION.EducationExport.findElement(EducationExport.java:107)
at ADMINQUALIFICATION.EducationExport.findElement(EducationExport.java:107)
at ADMINQUALIFICATION.EducationExport.findElement(EducationExport.java:107)
at ADMINQUALIFICATION.EducationExport.findElement(EducationExport.java:107)
at ADMINQUALIFICATION.EducationExport.findElement(EducationExport.java:107)
at ADMINQUALIFICATION.EducationExport.findElement(EducationExport.java:107)
at ADMINQUALIFICATION.EducationExport.findElement(EducationExport.java:107)
at ADMINQUALIFICATION.EducationExport.findElement(EducationExport.java:107)
at ADMINQUALIFICATION.EducationExport.findElement(EducationExport.java:107)
at ADMINQUALIFICATION.EducationExport.findElement(EducationExport.java:107)
at ADMINQUALIFICATION.EducationExport.findElement(EducationExport.java:107)
at ADMINQUALIFICATION.EducationExport.findElement(EducationExport.java:107)
at ADMINQUALIFICATION.EducationExport.findElement(EducationExport.java:107)
at ADMINQUALIFICATION.EducationExport.findElement(EducationExport.java:107)
at ADMINQUALIFICATION.EducationExport.findElement(EducationExport.java:107)
at ADMINQUALIFICATION.EducationExport.findElement(EducationExport.java:107)
at ADMINQUALIFICATION.EducationExport.findElement(EducationExport.java:107)
at ADMINQUALIFICATION.EducationExport.findElement(EducationExport.java:107)
at ADMINQUALIFICATION.EducationExport.findElement(EducationExport.java:107)
at ADMINQUALIFICATION.EducationExport.findElement(EducationExport.java:107)
at ADMINQUALIFICATION.EducationExport.findElement(EducationExport.java:107)
at ADMINQUALIFICATION.EducationExport.findElement(EducationExport.java:107)
at ADMINQUALIFICATION.EducationExport.findElement(EducationExport.java:107)
at ADMINQUALIFICATION.EducationExport.findElement(EducationExport.java:107)
at ADMINQUALIFICATION.EducationExport.findElement(EducationExport.java:107)
at ADMINQUALIFICATION.EducationExport.findElement(EducationExport.java:107)
at ADMINQUALIFICATION.EducationExport.findElement(EducationExport.java:107)
at ADMINQUALIFICATION.EducationExport.findElement(EducationExport.java:107)
at ADMINQUALIFICATION.EducationExport.findElement(EducationExport.java:107)
at ADMINQUALIFICATION.EducationExport.findElement(EducationExport.java:107)
at ADMINQUALIFICATION.EducationExport.findElement(EducationExport.java:107)
at ADMINQUALIFICATION.EducationExport.findElement(EducationExport.java:107)
at ADMINQUALIFICATION.EducationExport.findElement(EducationExport.java:107)
at ADMINQUALIFICATION.EducationExport.findElement(EducationExport.java:107)
at ADMINQUALIFICATION.EducationExport.findElement(EducationExport.java:107)
at ADMINQUALIFICATION.EducationExport.findElement(EducationExport.java:107)
at ADMINQUALIFICATION.EducationExport.findElement(EducationExport.java:107)
at ADMINQUALIFICATION.EducationExport.findElement(EducationExport.java:107)
at ADMINQUALIFICATION.EducationExport.findElement(EducationExport.java:107)
at ADMINQUALIFICATION.EducationExport.findElement(EducationExport.java:107)
at ADMINQUALIFICATION.EducationExport.findElement(EducationExport.java:107)
at ADMINQUALIFICATION.EducationExport.findElement(EducationExport.java:107)
at ADMINQUALIFICATION.EducationExport.findElement(EducationExport.java:107)
at ADMINQUALIFICATION.EducationExport.findElement(EducationExport.java:107)
at ADMINQUALIFICATION.EducationExport.findElement(EducationExport.java:107)
at ADMINQUALIFICATION.EducationExport.findElement(EducationExport.java:107)
at ADMINQUALIFICATION.EducationExport.findElement(EducationExport.java:107)
at ADMINQUALIFICATION.EducationExport.findElement(EducationExport.java:107)
at ADMINQUALIFICATION.EducationExport.findElement(EducationExport.java:107)
at ADMINQUALIFICATION.EducationExport.findElement(EducationExport.java:107)
at ADMINQUALIFICATION.EducationExport.findElement(EducationExport.java:107)
at ADMINQUALIFICATION.EducationExport.findElement(EducationExport.java:107)
at ADMINQUALIFICATION.EducationExport.findElement(EducationExport.java:107)
at ADMINQUALIFICATION.EducationExport.findElement(EducationExport.java:107)
at ADMINQUALIFICATION.EducationExport.findElement(EducationExport.java:107)
at ADMINQUALIFICATION.EducationExport.findElement(EducationExport.java:107)
at ADMINQUALIFICATION.EducationExport.findElement(EducationExport.java:107)
at ADMINQUALIFICATION.EducationExport.findElement(EducationExport.java:107)
at ADMINQUALIFICATION.EducationExport.findElement(EducationExport.java:107)
at ADMINQUALIFICATION.EducationExport.findElement(EducationExport.java:107)
at ADMINQUALIFICATION.EducationExport.findElement(EducationExport.java:107)
at ADMINQUALIFICATION.EducationExport.findElement(EducationExport.java:107)
at ADMINQUALIFICATION.EducationExport.findElement(EducationExport.java:107)
at ADMINQUALIFICATION.EducationExport.findElement(EducationExport.java:107)
at ADMINQUALIFICATION.EducationExport.findElement(EducationExport.java:107)
at ADMINQUALIFICATION.EducationExport.findElement(EducationExport.java:107)
at ADMINQUALIFICATION.EducationExport.findElement(EducationExport.java:107)
at ADMINQUALIFICATION.EducationExport.findElement(EducationExport.java:107)
at ADMINQUALIFICATION.EducationExport.findElement(EducationExport.java:107)
at ADMINQUALIFICATION.EducationExport.findElement(EducationExport.java:107)
at ADMINQUALIFICATION.EducationExport.findElement(EducationExport.java:107)
at ADMINQUALIFICATION.EducationExport.findElement(EducationExport.java:107)
at ADMINQUALIFICATION.EducationExport.findElement(EducationExport.java:107)
at ADMINQUALIFICATION.EducationExport.findElement(EducationExport.java:107)
at ADMINQUALIFICATION.EducationExport.findElement(EducationExport.java:107)
at ADMINQUALIFICATION.EducationExport.findElement(EducationExport.java:107)
at ADMINQUALIFICATION.EducationExport.findElement(EducationExport.java:107)
at ADMINQUALIFICATION.EducationExport.findElement(EducationExport.java:107)
at ADMINQUALIFICATION.EducationExport.findElement(EducationExport.java:107)
at ADMINQUALIFICATION.EducationExport.findElement(EducationExport.java:107)
at ADMINQUALIFICATION.EducationExport.findElement(EducationExport.java:107)
at ADMINQUALIFICATION.EducationExport.findElement(EducationExport.java:107)
at ADMINQUALIFICATION.EducationExport.findElement(EducationExport.java:107)
at ADMINQUALIFICATION.EducationExport.findElement(EducationExport.java:107)
at ADMINQUALIFICATION.EducationExport.findElement(EducationExport.java:107)
at ADMINQUALIFICATION.EducationExport.findElement(EducationExport.java:107)
at ADMINQUALIFICATION.EducationExport.findElement(EducationExport.java:107)
at ADMINQUALIFICATION.EducationExport.findElement(EducationExport.java:107)
at ADMINQUALIFICATION.EducationExport.findElement(EducationExport.java:107)
at ADMINQUALIFICATION.EducationExport.findElement(EducationExport.java:107)
at ADMINQUALIFICATION.EducationExport.findElement(EducationExport.java:107)
at ADMINQUALIFICATION.EducationExport.findElement(EducationExport.java:107)
at ADMINQUALIFICATION.EducationExport.findElement(EducationExport.java:107)
at ADMINQUALIFICATION.EducationExport.findElement(EducationExport.java:107)
at ADMINQUALIFICATION.EducationExport.findElement(EducationExport.java:107)
at ADMINQUALIFICATION.EducationExport.findElement(EducationExport.java:107)
at ADMINQUALIFICATION.EducationExport.findElement(EducationExport.java:107)
at ADMINQUALIFICATION.EducationExport.findElement(EducationExport.java:107)
at ADMINQUALIFICATION.EducationExport.findElement(EducationExport.java:107)
at ADMINQUALIFICATION.EducationExport.findElement(EducationExport.java:107)
at ADMINQUALIFICATION.EducationExport.findElement(EducationExport.java:107)
at ADMINQUALIFICATION.EducationExport.findElement(EducationExport.java:107)
at ADMINQUALIFICATION.EducationExport.findElement(EducationExport.java:107)
at ADMINQUALIFICATION.EducationExport.findElement(EducationExport.java:107)
at ADMINQUALIFICATION.EducationExport.findElement(EducationExport.java:107)
at ADMINQUALIFICATION.EducationExport.findElement(EducationExport.java:107)
at ADMINQUALIFICATION.EducationExport.findElement(EducationExport.java:107)
at ADMINQUALIFICATION.EducationExport.findElement(EducationExport.java:107)
at ADMINQUALIFICATION.EducationExport.findElement(EducationExport.java:107)
at ADMINQUALIFICATION.EducationExport.findElement(EducationExport.java:107)
at ADMINQUALIFICATION.EducationExport.findElement(EducationExport.java:107)
at ADMINQUALIFICATION.EducationExport.findElement(EducationExport.java:107)
at ADMINQUALIFICATION.EducationExport.findElement(EducationExport.java:107)
at ADMINQUALIFICATION.EducationExport.findElement(EducationExport.java:107)
at ADMINQUALIFICATION.EducationExport.findElement(EducationExport.java:107)
at ADMINQUALIFICATION.EducationExport.findElement(EducationExport.java:107)
at ADMINQUALIFICATION.EducationExport.findElement(EducationExport.java:107)
at ADMINQUALIFICATION.EducationExport.findElement(EducationExport.java:107)
at ADMINQUALIFICATION.EducationExport.findElement(EducationExport.java:107)
at ADMINQUALIFICATION.EducationExport.findElement(EducationExport.java:107)
at ADMINQUALIFICATION.EducationExport.findElement(EducationExport.java:107)
at ADMINQUALIFICATION.EducationExport.findElement(EducationExport.java:107)
at ADMINQUALIFICATION.EducationExport.findElement(EducationExport.java:107)
at ADMINQUALIFICATION.EducationExport.findElement(EducationExport.java:107)
at ADMINQUALIFICATION.EducationExport.findElement(EducationExport.java:107)
at ADMINQUALIFICATION.EducationExport.findElement(EducationExport.java:107)
at ADMINQUALIFICATION.EducationExport.findElement(EducationExport.java:107)
at ADMINQUALIFICATION.EducationExport.findElement(EducationExport.java:107)
at ADMINQUALIFICATION.EducationExport.findElement(EducationExport.java:107)
at ADMINQUALIFICATION.EducationExport.findElement(EducationExport.java:107)
at ADMINQUALIFICATION.EducationExport.findElement(EducationExport.java:107)
at ADMINQUALIFICATION.EducationExport.findElement(EducationExport.java:107)
at ADMINQUALIFICATION.EducationExport.findElement(EducationExport.java:107)
at ADMINQUALIFICATION.EducationExport.findElement(EducationExport.java:107)
at ADMINQUALIFICATION.EducationExport.findElement(EducationExport.java:107)
at ADMINQUALIFICATION.EducationExport.findElement(EducationExport.java:107)
at ADMINQUALIFICATION.EducationExport.findElement(EducationExport.java:107)
at ADMINQUALIFICATION.EducationExport.findElement(EducationExport.java:107)
at ADMINQUALIFICATION.EducationExport.findElement(EducationExport.java:107)
at ADMINQUALIFICATION.EducationExport.findElement(EducationExport.java:107)
at ADMINQUALIFICATION.EducationExport.findElement(EducationExport.java:107)
at ADMINQUALIFICATION.EducationExport.findElement(EducationExport.java:107)
at ADMINQUALIFICATION.EducationExport.findElement(EducationExport.java:107)
at ADMINQUALIFICATION.EducationExport.findElement(EducationExport.java:107)
at ADMINQUALIFICATION.EducationExport.findElement(EducationExport.java:107)
at ADMINQUALIFICATION.EducationExport.findElement(EducationExport.java:107)
at ADMINQUALIFICATION.EducationExport.findElement(EducationExport.java:107)
at ADMINQUALIFICATION.EducationExport.findElement(EducationExport.java:107)
at ADMINQUALIFICATION.EducationExport.findElement(EducationExport.java:107)
at ADMINQUALIFICATION.EducationExport.findElement(EducationExport.java:107)
at ADMINQUALIFICATION.EducationExport.findElement(EducationExport.java:107)
at ADMINQUALIFICATION.EducationExport.findElement(EducationExport.java:107)
at ADMINQUALIFICATION.EducationExport.findElement(EducationExport.java:107)
at ADMINQUALIFICATION.EducationExport.findElement(EducationExport.java:107)
at ADMINQUALIFICATION.EducationExport.findElement(EducationExport.java:107)
at ADMINQUALIFICATION.EducationExport.findElement(EducationExport.java:107)
at ADMINQUALIFICATION.EducationExport.findElement(EducationExport.java:107)
at ADMINQUALIFICATION.EducationExport.findElement(EducationExport.java:107)
at ADMINQUALIFICATION.EducationExport.findElement(EducationExport.java:107)
at ADMINQUALIFICATION.EducationExport.findElement(EducationExport.java:107)
at ADMINQUALIFICATION.EducationExport.findElement(EducationExport.java:107)
at ADMINQUALIFICATION.EducationExport.findElement(EducationExport.java:107)
at ADMINQUALIFICATION.EducationExport.findElement(EducationExport.java:107)
at ADMINQUALIFICATION.EducationExport.findElement(EducationExport.java:107)
at ADMINQUALIFICATION.EducationExport.findElement(EducationExport.java:107)
at ADMINQUALIFICATION.EducationExport.findElement(EducationExport.java:107)
at ADMINQUALIFICATION.EducationExport.findElement(EducationExport.java:107)
at ADMINQUALIFICATION.EducationExport.findElement(EducationExport.java:107)
at ADMINQUALIFICATION.EducationExport.findElement(EducationExport.java:107)
at ADMINQUALIFICATION.EducationExport.findElement(EducationExport.java:107)
at ADMINQUALIFICATION.EducationExport.findElement(EducationExport.java:107)
at ADMINQUALIFICATION.EducationExport.findElement(EducationExport.java:107)
at ADMINQUALIFICATION.EducationExport.findElement(EducationExport.java:107)
at ADMINQUALIFICATION.EducationExport.findElement(EducationExport.java:107)
at ADMINQUALIFICATION.EducationExport.findElement(EducationExport.java:107)
at ADMINQUALIFICATION.EducationExport.findElement(EducationExport.java:107)
at ADMINQUALIFICATION.EducationExport.findElement(EducationExport.java:107)
at ADMINQUALIFICATION.EducationExport.findElement(EducationExport.java:107)
at ADMINQUALIFICATION.EducationExport.findElement(EducationExport.java:107)
at ADMINQUALIFICATION.EducationExport.findElement(EducationExport.java:107)
at ADMINQUALIFICATION.EducationExport.findElement(EducationExport.java:107)
at ADMINQUALIFICATION.EducationExport.findElement(EducationExport.java:107)
at ADMINQUALIFICATION.EducationExport.findElement(EducationExport.java:107)
at ADMINQUALIFICATION.EducationExport.findElement(EducationExport.java:107)
at ADMINQUALIFICATION.EducationExport.findElement(EducationExport.java:107)
at ADMINQUALIFICATION.EducationExport.findElement(EducationExport.java:107)
at ADMINQUALIFICATION.EducationExport.findElement(EducationExport.java:107)
at ADMINQUALIFICATION.EducationExport.findElement(EducationExport.java:107)
at ADMINQUALIFICATION.EducationExport.findElement(EducationExport.java:107)
at ADMINQUALIFICATION.EducationExport.findElement(EducationExport.java:107)
at ADMINQUALIFICATION.EducationExport.findElement(EducationExport.java:107)
at ADMINQUALIFICATION.EducationExport.findElement(EducationExport.java:107)
at ADMINQUALIFICATION.EducationExport.findElement(EducationExport.java:107)
at ADMINQUALIFICATION.EducationExport.findElement(EducationExport.java:107)
at ADMINQUALIFICATION.EducationExport.findElement(EducationExport.java:107)
at ADMINQUALIFICATION.EducationExport.findElement(EducationExport.java:107)
at ADMINQUALIFICATION.EducationExport.findElement(EducationExport.java:107)
at ADMINQUALIFICATION.EducationExport.findElement(EducationExport.java:107)
at ADMINQUALIFICATION.EducationExport.findElement(EducationExport.java:107)
at ADMINQUALIFICATION.EducationExport.findElement(EducationExport.java:107)
at ADMINQUALIFICATION.EducationExport.findElement(EducationExport.java:107)
at ADMINQUALIFICATION.EducationExport.findElement(EducationExport.java:107)
at ADMINQUALIFICATION.EducationExport.findElement(EducationExport.java:107)
at ADMINQUALIFICATION.EducationExport.findElement(EducationExport.java:107)
at ADMINQUALIFICATION.EducationExport.findElement(EducationExport.java:107)
at ADMINQUALIFICATION.EducationExport.findElement(EducationExport.java:107)
at ADMINQUALIFICATION.EducationExport.findElement(EducationExport.java:107)
at ADMINQUALIFICATION.EducationExport.findElement(EducationExport.java:107)
at ADMINQUALIFICATION.EducationExport.findElement(EducationExport.java:107)
at ADMINQUALIFICATION.EducationExport.findElement(EducationExport.java:107)
at ADMINQUALIFICATION.EducationExport.findElement(EducationExport.java:107)
at ADMINQUALIFICATION.EducationExport.findElement(EducationExport.java:107)
at ADMINQUALIFICATION.EducationExport.findElement(EducationExport.java:107)
at ADMINQUALIFICATION.EducationExport.findElement(EducationExport.java:107)
at ADMINQUALIFICATION.EducationExport.findElement(EducationExport.java:107)
at ADMINQUALIFICATION.EducationExport.findElement(EducationExport.java:107)
at ADMINQUALIFICATION.EducationExport.findElement(EducationExport.java:107)
at ADMINQUALIFICATION.EducationExport.findElement(EducationExport.java:107)
at ADMINQUALIFICATION.EducationExport.findElement(EducationExport.java:107)
at ADMINQUALIFICATION.EducationExport.findElement(EducationExport.java:107)
at ADMINQUALIFICATION.EducationExport.findElement(EducationExport.java:107)
at ADMINQUALIFICATION.EducationExport.findElement(EducationExport.java:107)
at ADMINQUALIFICATION.EducationExport.findElement(EducationExport.java:107)
at ADMINQUALIFICATION.EducationExport.findElement(EducationExport.java:107)
at ADMINQUALIFICATION.EducationExport.findElement(EducationExport.java:107)
at ADMINQUALIFICATION.EducationExport.findElement(EducationExport.java:107)
at ADMINQUALIFICATION.EducationExport.findElement(EducationExport.java:107)
at ADMINQUALIFICATION.EducationExport.findElement(EducationExport.java:107)
at ADMINQUALIFICATION.EducationExport.findElement(EducationExport.java:107)
at ADMINQUALIFICATION.EducationExport.findElement(EducationExport.java:107)
at ADMINQUALIFICATION.EducationExport.findElement(EducationExport.java:107)
at ADMINQUALIFICATION.EducationExport.findElement(EducationExport.java:107)
at ADMINQUALIFICATION.EducationExport.findElement(EducationExport.java:107)
at ADMINQUALIFICATION.EducationExport.findElement(EducationExport.java:107)
at ADMINQUALIFICATION.EducationExport.findElement(EducationExport.java:107)
at ADMINQUALIFICATION.EducationExport.findElement(EducationExport.java:107)
at ADMINQUALIFICATION.EducationExport.findElement(EducationExport.java:107)
at ADMINQUALIFICATION.EducationExport.findElement(EducationExport.java:107)
at ADMINQUALIFICATION.EducationExport.findElement(EducationExport.java:107)
at ADMINQUALIFICATION.EducationExport.findElement(EducationExport.java:107)
at ADMINQUALIFICATION.EducationExport.findElement(EducationExport.java:107)
at ADMINQUALIFICATION.EducationExport.findElement(EducationExport.java:107)
at ADMINQUALIFICATION.EducationExport.findElement(EducationExport.java:107)
at ADMINQUALIFICATION.EducationExport.findElement(EducationExport.java:107)
at ADMINQUALIFICATION.EducationExport.findElement(EducationExport.java:107)
at ADMINQUALIFICATION.EducationExport.findElement(EducationExport.java:107)
at ADMINQUALIFICATION.EducationExport.findElement(EducationExport.java:107)
at ADMINQUALIFICATION.EducationExport.findElement(EducationExport.java:107)
at ADMINQUALIFICATION.EducationExport.findElement(EducationExport.java:107)
at ADMINQUALIFICATION.EducationExport.findElement(EducationExport.java:107)
at ADMINQUALIFICATION.EducationExport.findElement(EducationExport.java:107)
at ADMINQUALIFICATION.EducationExport.findElement(EducationExport.java:107)
at ADMINQUALIFICATION.EducationExport.findElement(EducationExport.java:107)
at ADMINQUALIFICATION.EducationExport.findElement(EducationExport.java:107)
at ADMINQUALIFICATION.EducationExport.findElement(EducationExport.java:107)
at ADMINQUALIFICATION.EducationExport.findElement(EducationExport.java:107)
at ADMINQUALIFICATION.EducationExport.findElement(EducationExport.java:107)
at ADMINQUALIFICATION.EducationExport.findElement(EducationExport.java:107)
at ADMINQUALIFICATION.EducationExport.findElement(EducationExport.java:107)
at ADMINQUALIFICATION.EducationExport.findElement(EducationExport.java:107)
at ADMINQUALIFICATION.EducationExport.findElement(EducationExport.java:107)
at ADMINQUALIFICATION.EducationExport.findElement(EducationExport.java:107)
at ADMINQUALIFICATION.EducationExport.findElement(EducationExport.java:107)
at ADMINQUALIFICATION.EducationExport.findElement(EducationExport.java:107)
at ADMINQUALIFICATION.EducationExport.findElement(EducationExport.java:107)
at ADMINQUALIFICATION.EducationExport.findElement(EducationExport.java:107)
at ADMINQUALIFICATION.EducationExport.findElement(EducationExport.java:107)
at ADMINQUALIFICATION.EducationExport.findElement(EducationExport.java:107)
at ADMINQUALIFICATION.EducationExport.findElement(EducationExport.java:107)
at ADMINQUALIFICATION.EducationExport.findElement(EducationExport.java:107)
at ADMINQUALIFICATION.EducationExport.findElement(EducationExport.java:107)
at ADMINQUALIFICATION.EducationExport.findElement(EducationExport.java:107)
at ADMINQUALIFICATION.EducationExport.findElement(EducationExport.java:107)
at ADMINQUALIFICATION.EducationExport.findElement(EducationExport.java:107)
at ADMINQUALIFICATION.EducationExport.findElement(EducationExport.java:107)
at ADMINQUALIFICATION.EducationExport.findElement(EducationExport.java:107)
at ADMINQUALIFICATION.EducationExport.findElement(EducationExport.java:107)
at ADMINQUALIFICATION.EducationExport.findElement(EducationExport.java:107)
at ADMINQUALIFICATION.EducationExport.findElement(EducationExport.java:107)
at ADMINQUALIFICATION.EducationExport.findElement(EducationExport.java:107)
at ADMINQUALIFICATION.EducationExport.findElement(EducationExport.java:107)
at ADMINQUALIFICATION.EducationExport.findElement(EducationExport.java:107)
at ADMINQUALIFICATION.EducationExport.findElement(EducationExport.java:107)
at ADMINQUALIFICATION.EducationExport.findElement(EducationExport.java:107)
at ADMINQUALIFICATION.EducationExport.findElement(EducationExport.java:107)
at ADMINQUALIFICATION.EducationExport.findElement(EducationExport.java:107)
at ADMINQUALIFICATION.EducationExport.findElement(EducationExport.java:107)
at ADMINQUALIFICATION.EducationExport.findElement(EducationExport.java:107)
at ADMINQUALIFICATION.EducationExport.findElement(EducationExport.java:107)
at ADMINQUALIFICATION.EducationExport.findElement(EducationExport.java:107)
at ADMINQUALIFICATION.EducationExport.findElement(EducationExport.java:107)
at ADMINQUALIFICATION.EducationExport.findElement(EducationExport.java:107)
at ADMINQUALIFICATION.EducationExport.findElement(EducationExport.java:107)
at ADMINQUALIFICATION.EducationExport.findElement(EducationExport.java:107)
at ADMINQUALIFICATION.EducationExport.findElement(EducationExport.java:107)
at ADMINQUALIFICATION.EducationExport.findElement(EducationExport.java:107)
at ADMINQUALIFICATION.EducationExport.findElement(EducationExport.java:107)
at ADMINQUALIFICATION.EducationExport.findElement(EducationExport.java:107)
at ADMINQUALIFICATION.EducationExport.findElement(EducationExport.java:107)
at ADMINQUALIFICATION.EducationExport.findElement(EducationExport.java:107)
at ADMINQUALIFICATION.EducationExport.findElement(EducationExport.java:107)
at ADMINQUALIFICATION.EducationExport.findElement(EducationExport.java:107)
at ADMINQUALIFICATION.EducationExport.findElement(EducationExport.java:107)
at ADMINQUALIFICATION.EducationExport.findElement(EducationExport.java:107)
at ADMINQUALIFICATION.EducationExport.findElement(EducationExport.java:107)
at ADMINQUALIFICATION.EducationExport.findElement(EducationExport.java:107)
at ADMINQUALIFICATION.EducationExport.findElement(EducationExport.java:107)
at ADMINQUALIFICATION.EducationExport.findElement(EducationExport.java:107)
at ADMINQUALIFICATION.EducationExport.findElement(EducationExport.java:107)
at ADMINQUALIFICATION.EducationExport.findElement(EducationExport.java:107)
at ADMINQUALIFICATION.EducationExport.findElement(EducationExport.java:107)
at ADMINQUALIFICATION.EducationExport.findElement(EducationExport.java:107)
at ADMINQUALIFICATION.EducationExport.findElement(EducationExport.java:107)
at ADMINQUALIFICATION.EducationExport.findElement(EducationExport.java:107)
at ADMINQUALIFICATION.EducationExport.findElement(EducationExport.java:107)
at ADMINQUALIFICATION.EducationExport.findElement(EducationExport.java:107)
at ADMINQUALIFICATION.EducationExport.findElement(EducationExport.java:107)
at ADMINQUALIFICATION.EducationExport.findElement(EducationExport.java:107)
at ADMINQUALIFICATION.EducationExport.findElement(EducationExport.java:107)
at ADMINQUALIFICATION.EducationExport.findElement(EducationExport.java:107)
at ADMINQUALIFICATION.EducationExport.findElement(EducationExport.java:107)
at ADMINQUALIFICATION.EducationExport.findElement(EducationExport.java:107)
at ADMINQUALIFICATION.EducationExport.findElement(EducationExport.java:107)
at ADMINQUALIFICATION.EducationExport.findElement(EducationExport.java:107)
at ADMINQUALIFICATION.EducationExport.findElement(EducationExport.java:107)
at ADMINQUALIFICATION.EducationExport.findElement(EducationExport.java:107)
at ADMINQUALIFICATION.EducationExport.findElement(EducationExport.java:107)
at ADMINQUALIFICATION.EducationExport.findElement(EducationExport.java:107)
at ADMINQUALIFICATION.EducationExport.findElement(EducationExport.java:107)
at ADMINQUALIFICATION.EducationExport.findElement(EducationExport.java:107)
at ADMINQUALIFICATION.EducationExport.findElement(EducationExport.java:107)
at ADMINQUALIFICATION.EducationExport.findElement(EducationExport.java:107)
at ADMINQUALIFICATION.EducationExport.findElement(EducationExport.java:107)
at ADMINQUALIFICATION.EducationExport.findElement(EducationExport.java:107)
at ADMINQUALIFICATION.EducationExport.findElement(EducationExport.java:107)
at ADMINQUALIFICATION.EducationExport.findElement(EducationExport.java:107)
at ADMINQUALIFICATION.EducationExport.findElement(EducationExport.java:107)
at ADMINQUALIFICATION.EducationExport.findElement(EducationExport.java:107)
at ADMINQUALIFICATION.EducationExport.findElement(EducationExport.java:107)
at ADMINQUALIFICATION.EducationExport.findElement(EducationExport.java:107)
at ADMINQUALIFICATION.EducationExport.findElement(EducationExport.java:107)
at ADMINQUALIFICATION.EducationExport.findElement(EducationExport.java:107)
at ADMINQUALIFICATION.EducationExport.findElement(EducationExport.java:107)
at ADMINQUALIFICATION.EducationExport.findElement(EducationExport.java:107)
at ADMINQUALIFICATION.EducationExport.findElement(EducationExport.java:107)
at ADMINQUALIFICATION.EducationExport.findElement(EducationExport.java:107)
at ADMINQUALIFICATION.EducationExport.findElement(EducationExport.java:107)
at ADMINQUALIFICATION.EducationExport.findElement(EducationExport.java:107)
at ADMINQUALIFICATION.EducationExport.findElement(EducationExport.java:107)
at ADMINQUALIFICATION.EducationExport.findElement(EducationExport.java:107)
at ADMINQUALIFICATION.EducationExport.findElement(EducationExport.java:107)
at ADMINQUALIFICATION.EducationExport.findElement(EducationExport.java:107)
at ADMINQUALIFICATION.EducationExport.findElement(EducationExport.java:107)
at ADMINQUALIFICATION.EducationExport.findElement(EducationExport.java:107)
at ADMINQUALIFICATION.EducationExport.findElement(EducationExport.java:107)
at ADMINQUALIFICATION.EducationExport.findElement(EducationExport.java:107)
at ADMINQUALIFICATION.EducationExport.findElement(EducationExport.java:107)
at ADMINQUALIFICATION.EducationExport.findElement(EducationExport.java:107)
at ADMINQUALIFICATION.EducationExport.findElement(EducationExport.java:107)
at ADMINQUALIFICATION.EducationExport.findElement(EducationExport.java:107)
at ADMINQUALIFICATION.EducationExport.findElement(EducationExport.java:107)
at ADMINQUALIFICATION.EducationExport.findElement(EducationExport.java:107)
at ADMINQUALIFICATION.EducationExport.findElement(EducationExport.java:107)
at ADMINQUALIFICATION.EducationExport.findElement(EducationExport.java:107)
at ADMINQUALIFICATION.EducationExport.findElement(EducationExport.java:107)
at ADMINQUALIFICATION.EducationExport.findElement(EducationExport.java:107)
at ADMINQUALIFICATION.EducationExport.findElement(EducationExport.java:107)
at ADMINQUALIFICATION.EducationExport.findElement(EducationExport.java:107)
at ADMINQUALIFICATION.EducationExport.findElement(EducationExport.java:107)
at ADMINQUALIFICATION.EducationExport.findElement(EducationExport.java:107)
at ADMINQUALIFICATION.EducationExport.findElement(EducationExport.java:107)
at ADMINQUALIFICATION.EducationExport.findElement(EducationExport.java:107)
at ADMINQUALIFICATION.EducationExport.findElement(EducationExport.java:107)
at ADMINQUALIFICATION.EducationExport.findElement(EducationExport.java:107)
at ADMINQUALIFICATION.EducationExport.findElement(EducationExport.java:107)
at ADMINQUALIFICATION.EducationExport.findElement(EducationExport.java:107)
at ADMINQUALIFICATION.EducationExport.findElement(EducationExport.java:107)
at ADMINQUALIFICATION.EducationExport.findElement(EducationExport.java:107)
at ADMINQUALIFICATION.EducationExport.findElement(EducationExport.java:107)
at ADMINQUALIFICATION.EducationExport.findElement(EducationExport.java:107)
at ADMINQUALIFICATION.EducationExport.findElement(EducationExport.java:107)
at ADMINQUALIFICATION.EducationExport.findElement(EducationExport.java:107)
at ADMINQUALIFICATION.EducationExport.findElement(EducationExport.java:107)
at ADMINQUALIFICATION.EducationExport.findElement(EducationExport.java:107)
at ADMINQUALIFICATION.EducationExport.findElement(EducationExport.java:107)
at ADMINQUALIFICATION.EducationExport.findElement(EducationExport.java:107)
at ADMINQUALIFICATION.EducationExport.findElement(EducationExport.java:107)
at ADMINQUALIFICATION.EducationExport.findElement(EducationExport.java:107)
at ADMINQUALIFICATION.EducationExport.findElement(EducationExport.java:107)
at ADMINQUALIFICATION.EducationExport.findElement(EducationExport.java:107)
at ADMINQUALIFICATION.EducationExport.findElement(EducationExport.java:107)
at ADMINQUALIFICATION.EducationExport.findElement(EducationExport.java:107)
at ADMINQUALIFICATION.EducationExport.findElement(EducationExport.java:107)
at ADMINQUALIFICATION.EducationExport.findElement(EducationExport.java:107)
at ADMINQUALIFICATION.EducationExport.findElement(EducationExport.java:107)
at ADMINQUALIFICATION.EducationExport.findElement(EducationExport.java:107)
at ADMINQUALIFICATION.EducationExport.findElement(EducationExport.java:107)
at ADMINQUALIFICATION.EducationExport.findElement(EducationExport.java:107)
at ADMINQUALIFICATION.EducationExport.findElement(EducationExport.java:107)
at ADMINQUALIFICATION.EducationExport.findElement(EducationExport.java:107)
at ADMINQUALIFICATION.EducationExport.findElement(EducationExport.java:107)
at ADMINQUALIFICATION.EducationExport.findElement(EducationExport.java:107)
at ADMINQUALIFICATION.EducationExport.findElement(EducationExport.java:107)
at ADMINQUALIFICATION.EducationExport.findElement(EducationExport.java:107)
at ADMINQUALIFICATION.EducationExport.findElement(EducationExport.java:107)
at ADMINQUALIFICATION.EducationExport.findElement(EducationExport.java:107)
at ADMINQUALIFICATION.EducationExport.findElement(EducationExport.java:107)
at ADMINQUALIFICATION.EducationExport.findElement(EducationExport.java:107)
at ADMINQUALIFICATION.EducationExport.findElement(EducationExport.java:107)
at ADMINQUALIFICATION.EducationExport.findElement(EducationExport.java:107)
at ADMINQUALIFICATION.EducationExport.findElement(EducationExport.java:107)
at ADMINQUALIFICATION.EducationExport.findElement(EducationExport.java:107)
at ADMINQUALIFICATION.EducationExport.findElement(EducationExport.java:107)
at ADMINQUALIFICATION.EducationExport.findElement(EducationExport.java:107)
at ADMINQUALIFICATION.EducationExport.findElement(EducationExport.java:107)
at ADMINQUALIFICATION.EducationExport.findElement(EducationExport.java:107)
at ADMINQUALIFICATION.EducationExport.findElement(EducationExport.java:107)
at ADMINQUALIFICATION.EducationExport.findElement(EducationExport.java:107)
at ADMINQUALIFICATION.EducationExport.findElement(EducationExport.java:107)
at ADMINQUALIFICATION.EducationExport.findElement(EducationExport.java:107)
at ADMINQUALIFICATION.EducationExport.findElement(EducationExport.java:107)
at ADMINQUALIFICATION.EducationExport.findElement(EducationExport.java:107)
at ADMINQUALIFICATION.EducationExport.findElement(EducationExport.java:107)
at ADMINQUALIFICATION.EducationExport.findElement(EducationExport.java:107)
at ADMINQUALIFICATION.EducationExport.findElement(EducationExport.java:107)
at ADMINQUALIFICATION.EducationExport.findElement(EducationExport.java:107)
at ADMINQUALIFICATION.EducationExport.findElement(EducationExport.java:107)
at ADMINQUALIFICATION.EducationExport.findElement(EducationExport.java:107)
at ADMINQUALIFICATION.EducationExport.findElement(EducationExport.java:107)
at ADMINQUALIFICATION.EducationExport.findElement(EducationExport.java:107)
at ADMINQUALIFICATION.EducationExport.findElement(EducationExport.java:107)
at ADMINQUALIFICATION.EducationExport.findElement(EducationExport.java:107)
at ADMINQUALIFICATION.EducationExport.findElement(EducationExport.java:107)
at ADMINQUALIFICATION.EducationExport.findElement(EducationExport.java:107)
at ADMINQUALIFICATION.EducationExport.findElement(EducationExport.java:107)
at ADMINQUALIFICATION.EducationExport.findElement(EducationExport.java:107)
at ADMINQUALIFICATION.EducationExport.findElement(EducationExport.java:107)
at ADMINQUALIFICATION.EducationExport.findElement(EducationExport.java:107)
at ADMINQUALIFICATION.EducationExport.findElement(EducationExport.java:107)
at ADMINQUALIFICATION.EducationExport.findElement(EducationExport.java:107)
at ADMINQUALIFICATION.EducationExport.findElement(EducationExport.java:107)
at ADMINQUALIFICATION.EducationExport.findElement(EducationExport.java:107)
at ADMINQUALIFICATION.EducationExport.findElement(EducationExport.java:107)
at ADMINQUALIFICATION.EducationExport.findElement(EducationExport.java:107)
at ADMINQUALIFICATION.EducationExport.findElement(EducationExport.java:107)
at ADMINQUALIFICATION.EducationExport.findElement(EducationExport.java:107)
at ADMINQUALIFICATION.EducationExport.findElement(EducationExport.java:107)
at ADMINQUALIFICATION.EducationExport.findElement(EducationExport.java:107)
at ADMINQUALIFICATION.EducationExport.findElement(EducationExport.java:107)
at ADMINQUALIFICATION.EducationExport.findElement(EducationExport.java:107)
at ADMINQUALIFICATION.EducationExport.findElement(EducationExport.java:107)
at ADMINQUALIFICATION.EducationExport.findElement(EducationExport.java:107)
at ADMINQUALIFICATION.EducationExport.findElement(EducationExport.java:107)
at ADMINQUALIFICATION.EducationExport.findElement(EducationExport.java:107)
at ADMINQUALIFICATION.EducationExport.findElement(EducationExport.java:107)
at ADMINQUALIFICATION.EducationExport.findElement(EducationExport.java:107)
at ADMINQUALIFICATION.EducationExport.findElement(EducationExport.java:107)
at ADMINQUALIFICATION.EducationExport.findElement(EducationExport.java:107)
at ADMINQUALIFICATION.EducationExport.findElement(EducationExport.java:107)
at ADMINQUALIFICATION.EducationExport.findElement(EducationExport.java:107)
at ADMINQUALIFICATION.EducationExport.findElement(EducationExport.java:107)
at ADMINQUALIFICATION.EducationExport.findElement(EducationExport.java:107)
at ADMINQUALIFICATION.EducationExport.findElement(EducationExport.java:107)
at ADMINQUALIFICATION.EducationExport.findElement(EducationExport.java:107)
at ADMINQUALIFICATION.EducationExport.findElement(EducationExport.java:107)
at ADMINQUALIFICATION.EducationExport.findElement(EducationExport.java:107)
at ADMINQUALIFICATION.EducationExport.findElement(EducationExport.java:107)
at ADMINQUALIFICATION.EducationExport.findElement(EducationExport.java:107)
at ADMINQUALIFICATION.EducationExport.findElement(EducationExport.java:107)
at ADMINQUALIFICATION.EducationExport.findElement(EducationExport.java:107)
at ADMINQUALIFICATION.EducationExport.findElement(EducationExport.java:107)
at ADMINQUALIFICATION.EducationExport.findElement(EducationExport.java:107)
at ADMINQUALIFICATION.EducationExport.findElement(EducationExport.java:107)
at ADMINQUALIFICATION.EducationExport.findElement(EducationExport.java:107)
at ADMINQUALIFICATION.EducationExport.findElement(EducationExport.java:107)
at ADMINQUALIFICATION.EducationExport.findElement(EducationExport.java:107)
at ADMINQUALIFICATION.EducationExport.findElement(EducationExport.java:107)
at ADMINQUALIFICATION.EducationExport.findElement(EducationExport.java:107)
at ADMINQUALIFICATION.EducationExport.findElement(EducationExport.java:107)
at ADMINQUALIFICATION.EducationExport.findElement(EducationExport.java:107)
at ADMINQUALIFICATION.EducationExport.findElement(EducationExport.java:107)
at ADMINQUALIFICATION.EducationExport.findElement(EducationExport.java:107)
at ADMINQUALIFICATION.EducationExport.findElement(EducationExport.java:107)
at ADMINQUALIFICATION.EducationExport.findElement(EducationExport.java:107)
at ADMINQUALIFICATION.EducationExport.findElement(EducationExport.java:107)
at ADMINQUALIFICATION.EducationExport.findElement(EducationExport.java:107)
at ADMINQUALIFICATION.EducationExport.findElement(EducationExport.java:107)
at ADMINQUALIFICATION.EducationExport.findElement(EducationExport.java:107)
at ADMINQUALIFICATION.EducationExport.findElement(EducationExport.java:107)
at ADMINQUALIFICATION.EducationExport.findElement(EducationExport.java:107)
at ADMINQUALIFICATION.EducationExport.findElement(EducationExport.java:107)
at ADMINQUALIFICATION.EducationExport.findElement(EducationExport.java:107)
at ADMINQUALIFICATION.EducationExport.findElement(EducationExport.java:107)
at ADMINQUALIFICATION.EducationExport.findElement(EducationExport.java:107)
at ADMINQUALIFICATION.EducationExport.findElement(EducationExport.java:107)
at ADMINQUALIFICATION.EducationExport.findElement(EducationExport.java:107)
at ADMINQUALIFICATION.EducationExport.findElement(EducationExport.java:107)
at ADMINQUALIFICATION.EducationExport.findElement(EducationExport.java:107)
at ADMINQUALIFICATION.EducationExport.findElement(EducationExport.java:107)
at ADMINQUALIFICATION.EducationExport.findElement(EducationExport.java:107)
at ADMINQUALIFICATION.EducationExport.findElement(EducationExport.java:107)
at ADMINQUALIFICATION.EducationExport.findElement(EducationExport.java:107)
at ADMINQUALIFICATION.EducationExport.findElement(EducationExport.java:107)
at ADMINQUALIFICATION.EducationExport.findElement(EducationExport.java:107)
at ADMINQUALIFICATION.EducationExport.findElement(EducationExport.java:107)
at ADMINQUALIFICATION.EducationExport.findElement(EducationExport.java:107)
at ADMINQUALIFICATION.EducationExport.findElement(EducationExport.java:107)
at ADMINQUALIFICATION.EducationExport.findElement(EducationExport.java:107)
at ADMINQUALIFICATION.EducationExport.findElement(EducationExport.java:107)
at ADMINQUALIFICATION.EducationExport.findElement(EducationExport.java:107)
at ADMINQUALIFICATION.EducationExport.findElement(EducationExport.java:107)
at ADMINQUALIFICATION.EducationExport.findElement(EducationExport.java:107)
at ADMINQUALIFICATION.EducationExport.findElement(EducationExport.java:107)
at ADMINQUALIFICATION.EducationExport.findElement(EducationExport.java:107)
at ADMINQUALIFICATION.EducationExport.findElement(EducationExport.java:107)
at ADMINQUALIFICATION.EducationExport.findElement(EducationExport.java:107)
at ADMINQUALIFICATION.EducationExport.findElement(EducationExport.java:107)
at ADMINQUALIFICATION.EducationExport.findElement(EducationExport.java:107)
at ADMINQUALIFICATION.EducationExport.findElement(EducationExport.java:107)
at ADMINQUALIFICATION.EducationExport.findElement(EducationExport.java:107)
at ADMINQUALIFICATION.EducationExport.findElement(EducationExport.java:107)
at ADMINQUALIFICATION.EducationExport.findElement(EducationExport.java:107)
at ADMINQUALIFICATION.EducationExport.findElement(EducationExport.java:107)
at ADMINQUALIFICATION.EducationExport.findElement(EducationExport.java:107)
at ADMINQUALIFICATION.EducationExport.findElement(EducationExport.java:107)
at ADMINQUALIFICATION.EducationExport.findElement(EducationExport.java:107)
at ADMINQUALIFICATION.EducationExport.findElement(EducationExport.java:107)
at ADMINQUALIFICATION.EducationExport.findElement(EducationExport.java:107)
at ADMINQUALIFICATION.EducationExport.findElement(EducationExport.java:107)
at ADMINQUALIFICATION.EducationExport.findElement(EducationExport.java:107)
at ADMINQUALIFICATION.EducationExport.findElement(EducationExport.java:107)
at ADMINQUALIFICATION.EducationExport.findElement(EducationExport.java:107)
at ADMINQUALIFICATION.EducationExport.findElement(EducationExport.java:107)
at ADMINQUALIFICATION.EducationExport.findElement(EducationExport.java:107)
at ADMINQUALIFICATION.EducationExport.findElement(EducationExport.java:107)
at ADMINQUALIFICATION.EducationExport.findElement(EducationExport.java:107)
at ADMINQUALIFICATION.EducationExport.findElement(EducationExport.java:107)
at ADMINQUALIFICATION.EducationExport.findElement(EducationExport.java:107)
at ADMINQUALIFICATION.EducationExport.findElement(EducationExport.java:107)
at ADMINQUALIFICATION.EducationExport.findElement(EducationExport.java:107)
at ADMINQUALIFICATION.EducationExport.findElement(EducationExport.java:107)
at ADMINQUALIFICATION.EducationExport.findElement(EducationExport.java:107)
at ADMINQUALIFICATION.EducationExport.findElement(EducationExport.java:107)
at ADMINQUALIFICATION.EducationExport.findElement(EducationExport.java:107)
at ADMINQUALIFICATION.EducationExport.findElement(EducationExport.java:107)
at ADMINQUALIFICATION.EducationExport.findElement(EducationExport.java:107)
at ADMINQUALIFICATION.EducationExport.findElement(EducationExport.java:107)
at ADMINQUALIFICATION.EducationExport.findElement(EducationExport.java:107)
at ADMINQUALIFICATION.EducationExport.findElement(EducationExport.java:107)
at ADMINQUALIFICATION.EducationExport.findElement(EducationExport.java:107)
at ADMINQUALIFICATION.EducationExport.findElement(EducationExport.java:107)
at ADMINQUALIFICATION.EducationExport.findElement(EducationExport.java:107)
at ADMINQUALIFICATION.EducationExport.findElement(EducationExport.java:107)
at ADMINQUALIFICATION.EducationExport.findElement(EducationExport.java:107)
at ADMINQUALIFICATION.EducationExport.findElement(EducationExport.java:107)
at ADMINQUALIFICATION.EducationExport.findElement(EducationExport.java:107)
at ADMINQUALIFICATION.EducationExport.findElement(EducationExport.java:107)
at ADMINQUALIFICATION.EducationExport.findElement(EducationExport.java:107)
at ADMINQUALIFICATION.EducationExport.findElement(EducationExport.java:107)
at ADMINQUALIFICATION.EducationExport.findElement(EducationExport.java:107)
at ADMINQUALIFICATION.EducationExport.findElement(EducationExport.java:107)
at ADMINQUALIFICATION.EducationExport.findElement(EducationExport.java:107)
at ADMINQUALIFICATION.EducationExport.findElement(EducationExport.java:107)
at ADMINQUALIFICATION.EducationExport.findElement(EducationExport.java:107)
at ADMINQUALIFICATION.EducationExport.findElement(EducationExport.java:107)
at ADMINQUALIFICATION.EducationExport.findElement(EducationExport.java:107)
at ADMINQUALIFICATION.EducationExport.findElement(EducationExport.java:107)
at ADMINQUALIFICATION.EducationExport.findElement(EducationExport.java:107)
at ADMINQUALIFICATION.EducationExport.findElement(EducationExport.java:107)
at ADMINQUALIFICATION.EducationExport.findElement(EducationExport.java:107)
at ADMINQUALIFICATION.EducationExport.findElement(EducationExport.java:107)
at ADMINQUALIFICATION.EducationExport.findElement(EducationExport.java:107)
at ADMINQUALIFICATION.EducationExport.findElement(EducationExport.java:107)
at ADMINQUALIFICATION.EducationExport.findElement(EducationExport.java:107)
at ADMINQUALIFICATION.EducationExport.findElement(EducationExport.java:107)
at ADMINQUALIFICATION.EducationExport.findElement(EducationExport.java:107)
at ADMINQUALIFICATION.EducationExport.findElement(EducationExport.java:107)
at ADMINQUALIFICATION.EducationExport.findElement(EducationExport.java:107)
at ADMINQUALIFICATION.EducationExport.findElement(EducationExport.java:107)
at ADMINQUALIFICATION.EducationExport.findElement(EducationExport.java:107)
at ADMINQUALIFICATION.EducationExport.findElement(EducationExport.java:107)
at ADMINQUALIFICATION.EducationExport.findElement(EducationExport.java:107)
at ADMINQUALIFICATION.EducationExport.findElement(EducationExport.java:107)
at ADMINQUALIFICATION.EducationExport.findElement(EducationExport.java:107)
at ADMINQUALIFICATION.EducationExport.findElement(EducationExport.java:107)
at ADMINQUALIFICATION.EducationExport.findElement(EducationExport.java:107)
at ADMINQUALIFICATION.EducationExport.findElement(EducationExport.java:107)
at ADMINQUALIFICATION.EducationExport.findElement(EducationExport.java:107)
at ADMINQUALIFICATION.EducationExport.findElement(EducationExport.java:107)
at ADMINQUALIFICATION.EducationExport.findElement(EducationExport.java:107)
at ADMINQUALIFICATION.EducationExport.findElement(EducationExport.java:107)
at ADMINQUALIFICATION.EducationExport.findElement(EducationExport.java:107)
at ADMINQUALIFICATION.EducationExport.findElement(EducationExport.java:107)
at ADMINQUALIFICATION.EducationExport.findElement(EducationExport.java:107)
at ADMINQUALIFICATION.EducationExport.findElement(EducationExport.java:107)
at ADMINQUALIFICATION.EducationExport.findElement(EducationExport.java:107)
at ADMINQUALIFICATION.EducationExport.findElement(EducationExport.java:107)
at ADMINQUALIFICATION.EducationExport.findElement(EducationExport.java:107)
at ADMINQUALIFICATION.EducationExport.findElement(EducationExport.java:107)
at ADMINQUALIFICATION.EducationExport.findElement(EducationExport.java:107)
at ADMINQUALIFICATION.EducationExport.findElement(EducationExport.java:107)
at ADMINQUALIFICATION.EducationExport.findElement(EducationExport.java:107)
at ADMINQUALIFICATION.EducationExport.findElement(EducationExport.java:107)
at ADMINQUALIFICATION.EducationExport.findElement(EducationExport.java:107)
at ADMINQUALIFICATION.EducationExport.findElement(EducationExport.java:107)
at ADMINQUALIFICATION.EducationExport.findElement(EducationExport.java:107)
at ADMINQUALIFICATION.EducationExport.findElement(EducationExport.java:107)
at ADMINQUALIFICATION.EducationExport.findElement(EducationExport.java:107)
at ADMINQUALIFICATION.EducationExport.findElement(EducationExport.java:107)
at ADMINQUALIFICATION.EducationExport.findElement(EducationExport.java:107)
at ADMINQUALIFICATION.EducationExport.findElement(EducationExport.java:107)
at ADMINQUALIFICATION.EducationExport.findElement(EducationExport.java:107)
at ADMINQUALIFICATION.EducationExport.findElement(EducationExport.java:107)
at ADMINQUALIFICATION.EducationExport.findElement(EducationExport.java:107)
at ADMINQUALIFICATION.EducationExport.findElement(EducationExport.java:107)
at ADMINQUALIFICATION.EducationExport.findElement(EducationExport.java:107)
at ADMINQUALIFICATION.EducationExport.findElement(EducationExport.java:107)
at ADMINQUALIFICATION.EducationExport.findElement(EducationExport.java:107)
at ADMINQUALIFICATION.EducationExport.findElement(EducationExport.java:107)
at ADMINQUALIFICATION.EducationExport.findElement(EducationExport.java:107)
at ADMINQUALIFICATION.EducationExport.findElement(EducationExport.java:107)
at ADMINQUALIFICATION.EducationExport.findElement(EducationExport.java:107)
at ADMINQUALIFICATION.EducationExport.findElement(EducationExport.java:107)
at ADMINQUALIFICATION.EducationExport.findElement(EducationExport.java:107)
at ADMINQUALIFICATION.EducationExport.findElement(EducationExport.java:107)
at ADMINQUALIFICATION.EducationExport.findElement(EducationExport.java:107)
at ADMINQUALIFICATION.EducationExport.findElement(EducationExport.java:107)
at ADMINQUALIFICATION.EducationExport.findElement(EducationExport.java:107)
at ADMINQUALIFICATION.EducationExport.findElement(EducationExport.java:107)
at ADMINQUALIFICATION.EducationExport.findElement(EducationExport.java:107)
at ADMINQUALIFICATION.EducationExport.findElement(EducationExport.java:107)
at ADMINQUALIFICATION.EducationExport.findElement(EducationExport.java:107)
at ADMINQUALIFICATION.EducationExport.findElement(EducationExport.java:107)
at ADMINQUALIFICATION.EducationExport.findElement(EducationExport.java:107)
at ADMINQUALIFICATION.EducationExport.findElement(EducationExport.java:107)
at ADMINQUALIFICATION.EducationExport.findElement(EducationExport.java:107)
at ADMINQUALIFICATION.EducationExport.findElement(EducationExport.java:107)
at ADMINQUALIFICATION.EducationExport.findElement(EducationExport.java:107)
at ADMINQUALIFICATION.EducationExport.findElement(EducationExport.java:107)
at ADMINQUALIFICATION.EducationExport.findElement(EducationExport.java:107)
at ADMINQUALIFICATION.EducationExport.findElement(EducationExport.java:107)
at ADMINQUALIFICATION.EducationExport.findElement(EducationExport.java:107)
at ADMINQUALIFICATION.EducationExport.findElement(EducationExport.java:107)
at ADMINQUALIFICATION.EducationExport.findElement(EducationExport.java:107)
at ADMINQUALIFICATION.EducationExport.findElement(EducationExport.java:107)
at ADMINQUALIFICATION.EducationExport.findElement(EducationExport.java:107)
at ADMINQUALIFICATION.EducationExport.findElement(EducationExport.java:107)
at ADMINQUALIFICATION.EducationExport.findElement(EducationExport.java:107)
at ADMINQUALIFICATION.EducationExport.findElement(EducationExport.java:107)
at ADMINQUALIFICATION.EducationExport.findElement(EducationExport.java:107)
at ADMINQUALIFICATION.EducationExport.findElement(EducationExport.java:107)
at ADMINQUALIFICATION.EducationExport.findElement(EducationExport.java:107)
at ADMINQUALIFICATION.EducationExport.findElement(EducationExport.java:107)
at ADMINQUALIFICATION.EducationExport.findElement(EducationExport.java:107)
at ADMINQUALIFICATION.EducationExport.findElement(EducationExport.java:107)
at ADMINQUALIFICATION.EducationExport.findElement(EducationExport.java:107)
at ADMINQUALIFICATION.EducationExport.findElement(EducationExport.java:107)
at ADMINQUALIFICATION.EducationExport.findElement(EducationExport.java:107)
at ADMINQUALIFICATION.EducationExport.findElement(EducationExport.java:107)
at ADMINQUALIFICATION.EducationExport.findElement(EducationExport.java:107)
at ADMINQUALIFICATION.EducationExport.findElement(EducationExport.java:107)
at ADMINQUALIFICATION.EducationExport.findElement(EducationExport.java:107)
at ADMINQUALIFICATION.EducationExport.findElement(EducationExport.java:107)
at ADMINQUALIFICATION.EducationExport.findElement(EducationExport.java:107)
at ADMINQUALIFICATION.EducationExport.findElement(EducationExport.java:107)
at ADMINQUALIFICATION.EducationExport.findElement(EducationExport.java:107)
at ADMINQUALIFICATION.EducationExport.findElement(EducationExport.java:107)
at ADMINQUALIFICATION.EducationExport.findElement(EducationExport.java:107)
at ADMINQUALIFICATION.EducationExport.findElement(EducationExport.java:107)
at ADMINQUALIFICATION.EducationExport.findElement(EducationExport.java:107)
at ADMINQUALIFICATION.EducationExport.findElement(EducationExport.java:107)
at ADMINQUALIFICATION.EducationExport.findElement(EducationExport.java:107)
at ADMINQUALIFICATION.EducationExport.findElement(EducationExport.java:107)
at ADMINQUALIFICATION.EducationExport.findElement(EducationExport.java:107)
at ADMINQUALIFICATION.EducationExport.findElement(EducationExport.java:107)
at ADMINQUALIFICATION.EducationExport.findElement(EducationExport.java:107)
at ADMINQUALIFICATION.EducationExport.findElement(EducationExport.java:107)
at ADMINQUALIFICATION.EducationExport.findElement(EducationExport.java:107)
at ADMINQUALIFICATION.EducationExport.findElement(EducationExport.java:107)
at ADMINQUALIFICATION.EducationExport.findElement(EducationExport.java:107)
at ADMINQUALIFICATION.EducationExport.findElement(EducationExport.java:107)
at ADMINQUALIFICATION.EducationExport.findElement(EducationExport.java:107)
at ADMINQUALIFICATION.EducationExport.findElement(EducationExport.java:107)
at ADMINQUALIFICATION.EducationExport.findElement(EducationExport.java:107)
at ADMINQUALIFICATION.EducationExport.findElement(EducationExport.java:107)
at ADMINQUALIFICATION.EducationExport.findElement(EducationExport.java:107)
at ADMINQUALIFICATION.EducationExport.findElement(EducationExport.java:107)
at ADMINQUALIFICATION.EducationExport.findElement(EducationExport.java:107)
at ADMINQUALIFICATION.EducationExport.findElement(EducationExport.java:107)
at ADMINQUALIFICATION.EducationExport.findElement(EducationExport.java:107)
at ADMINQUALIFICATION.EducationExport.findElement(EducationExport.java:107)
at ADMINQUALIFICATION.EducationExport.findElement(EducationExport.java:107)
at ADMINQUALIFICATION.EducationExport.findElement(EducationExport.java:107)
at ADMINQUALIFICATION.EducationExport.findElement(EducationExport.java:107)
at ADMINQUALIFICATION.EducationExport.findElement(EducationExport.java:107)
at ADMINQUALIFICATION.EducationExport.findElement(EducationExport.java:107)
at ADMINQUALIFICATION.EducationExport.findElement(EducationExport.java:107)
at ADMINQUALIFICATION.EducationExport.findElement(EducationExport.java:107)
at ADMINQUALIFICATION.EducationExport.findElement(EducationExport.java:107)
at ADMINQUALIFICATION.EducationExport.findElement(EducationExport.java:107)
at ADMINQUALIFICATION.EducationExport.findElement(EducationExport.java:107)
at ADMINQUALIFICATION.EducationExport.findElement(EducationExport.java:107)
at ADMINQUALIFICATION.EducationExport.findElement(EducationExport.java:107)
at ADMINQUALIFICATION.EducationExport.findElement(EducationExport.java:107)
at ADMINQUALIFICATION.EducationExport.findElement(EducationExport.java:107)
at ADMINQUALIFICATION.EducationExport.findElement(EducationExport.java:107)
at ADMINQUALIFICATION.EducationExport.findElement(EducationExport.java:107)
at ADMINQUALIFICATION.EducationExport.findElement(EducationExport.java:107)
at ADMINQUALIFICATION.EducationExport.findElement(EducationExport.java:107)
at ADMINQUALIFICATION.EducationExport.findElement(EducationExport.java:107)
at ADMINQUALIFICATION.EducationExport.findElement(EducationExport.java:107)
at ADMINQUALIFICATION.EducationExport.findElement(EducationExport.java:107)
at ADMINQUALIFICATION.EducationExport.findElement(EducationExport.java:107)
at ADMINQUALIFICATION.EducationExport.findElement(EducationExport.java:107)
at ADMINQUALIFICATION.EducationExport.findElement(EducationExport.java:107)
at ADMINQUALIFICATION.EducationExport.findElement(EducationExport.java:107)
at ADMINQUALIFICATION.EducationExport.findElement(EducationExport.java:107)
at ADMINQUALIFICATION.EducationExport.findElement(EducationExport.java:107)
at ADMINQUALIFICATION.EducationExport.findElement(EducationExport.java:107)
at ADMINQUALIFICATION.EducationExport.findElement(EducationExport.java:107)
at ADMINQUALIFICATION.EducationExport.findElement(EducationExport.java:107)
at ADMINQUALIFICATION.EducationExport.findElement(EducationExport.java:107)
at ADMINQUALIFICATION.EducationExport.findElement(EducationExport.java:107)
at ADMINQUALIFICATION.EducationExport.findElement(EducationExport.java:107)
at ADMINQUALIFICATION.EducationExport.findElement(EducationExport.java:107)
at ADMINQUALIFICATION.EducationExport.findElement(EducationExport.java:107)
at ADMINQUALIFICATION.EducationExport.findElement(EducationExport.java:107)
at ADMINQUALIFICATION.EducationExport.findElement(EducationExport.java:107)
at ADMINQUALIFICATION.EducationExport.findElement(EducationExport.java:107)
at ADMINQUALIFICATION.EducationExport.findElement(EducationExport.java:107)
at ADMINQUALIFICATION.EducationExport.findElement(EducationExport.java:107)
at ADMINQUALIFICATION.EducationExport.findElement(EducationExport.java:107)
at ADMINQUALIFICATION.EducationExport.findElement(EducationExport.java:107)
at ADMINQUALIFICATION.EducationExport.findElement(EducationExport.java:107)
at ADMINQUALIFICATION.EducationExport.findElement(EducationExport.java:107)
at ADMINQUALIFICATION.EducationExport.findElement(EducationExport.java:107)
at ADMINQUALIFICATION.EducationExport.findElement(EducationExport.java:107)
at ADMINQUALIFICATION.EducationExport.findElement(EducationExport.java:107)
at ADMINQUALIFICATION.EducationExport.findElement(EducationExport.java:107)
at ADMINQUALIFICATION.EducationExport.findElement(EducationExport.java:107)
at ADMINQUALIFICATION.EducationExport.findElement(EducationExport.java:107)
at ADMINQUALIFICATION.EducationExport.findElement(EducationExport.java:107)
at ADMINQUALIFICATION.EducationExport.findElement(EducationExport.java:107)
at ADMINQUALIFICATION.EducationExport.findElement(EducationExport.java:107)
at ADMINQUALIFICATION.EducationExport.findElement(EducationExport.java:107)
at ADMINQUALIFICATION.EducationExport.findElement(EducationExport.java:107)
at ADMINQUALIFICATION.EducationExport.findElement(EducationExport.java:107)
at ADMINQUALIFICATION.EducationExport.findElement(EducationExport.java:107)
at ADMINQUALIFICATION.EducationExport.findElement(EducationExport.java:107)
at ADMINQUALIFICATION.EducationExport.findElement(EducationExport.java:107)
at ADMINQUALIFICATION.EducationExport.findElement(EducationExport.java:107)
at ADMINQUALIFICATION.EducationExport.findElement(EducationExport.java:107)
at ADMINQUALIFICATION.EducationExport.findElement(EducationExport.java:107)
at ADMINQUALIFICATION.EducationExport.findElement(EducationExport.java:107)
at ADMINQUALIFICATION.EducationExport.findElement(EducationExport.java:107)
at ADMINQUALIFICATION.EducationExport.findElement(EducationExport.java:107)
at ADMINQUALIFICATION.EducationExport.findElement(EducationExport.java:107)
]]>
    </error>
  </testcase> <!-- ExportAllEducation -->
</testsuite> <!-- ADMINQUALIFICATION.EducationExport -->
