<?xml version="1.0" encoding="UTF-8"?>
<!-- Generated by org.testng.reporters.JUnitReportReporter -->
<testsuite hostname="sudhakar-PC" failures="0" tests="1" name="ADMINQUALIFICATION.AdminLicence" time="49.089" errors="0" timestamp="23 Mar 2019 10:46:03 GMT" skipped="0">
  <testcase classname="ADMINQUALIFICATION.AdminLicence" name="Data_driven_test" time="49.089"/>
</testsuite> <!-- ADMINQUALIFICATION.AdminLicence -->
