<?xml version="1.0" encoding="UTF-8"?>
<!-- Generated by org.testng.reporters.JUnitReportReporter -->
<testsuite hostname="sudhakar-PC" failures="0" tests="3" name="ADMINQUALIFICATION.AdminEducationSearch" time="112.882" errors="0" timestamp="29 Mar 2019 11:50:42 GMT" skipped="0">
  <testcase classname="ADMINQUALIFICATION.AdminEducationSearch" name="AddEdu" time="47.672"/>
  <testcase classname="ADMINQUALIFICATION.AdminEducationSearch" name="EduExpo" time="25.963"/>
  <testcase classname="ADMINQUALIFICATION.AdminEducationSearch" name="Data_driven_test" time="39.247"/>
</testsuite> <!-- ADMINQUALIFICATION.AdminEducationSearch -->
