<?xml version="1.0" encoding="UTF-8"?>
<!-- Generated by org.testng.reporters.JUnitReportReporter -->
<testsuite hostname="sudhakar-PC" failures="0" tests="1" name="ADMINQUALIFICATION.EducationAdd" time="92.060" errors="0" timestamp="03 Apr 2019 05:18:16 GMT" skipped="0">
  <testcase classname="ADMINQUALIFICATION.EducationAdd" name="Data_driven_test" time="92.060"/>
</testsuite> <!-- ADMINQUALIFICATION.EducationAdd -->
