<?xml version="1.0" encoding="UTF-8"?>
<!-- Generated by org.testng.reporters.JUnitReportReporter -->
<testsuite hostname="sudhakar-PC" failures="0" tests="2" name="ADMINQUALIFICATION.AdminMemberShipSearch" time="124.182" errors="0" timestamp="29 Mar 2019 05:08:12 GMT" skipped="0">
  <testcase classname="ADMINQUALIFICATION.AdminMemberShipSearch" name="AddMem" time="67.078"/>
  <testcase classname="ADMINQUALIFICATION.AdminMemberShipSearch" name="Data_driven_test" time="57.104"/>
</testsuite> <!-- ADMINQUALIFICATION.AdminMemberShipSearch -->
