<?xml version="1.0" encoding="UTF-8"?>
<!-- Generated by org.testng.reporters.JUnitReportReporter -->
<testsuite hostname="sudhakar-PC" failures="0" tests="3" name="ADMINQUALIFICATION.MemberShip" time="121.821" errors="0" timestamp="31 Mar 2019 08:38:44 GMT" skipped="0">
  <testcase classname="ADMINQUALIFICATION.MemberShip" name="AddMem" time="43.146"/>
  <testcase classname="ADMINQUALIFICATION.MemberShip" name="ExpoMem" time="25.009"/>
  <testcase classname="ADMINQUALIFICATION.MemberShip" name="Data_driven_test" time="53.666"/>
</testsuite> <!-- ADMINQUALIFICATION.MemberShip -->
