<?xml version="1.0" encoding="UTF-8"?>
<!-- Generated by org.testng.reporters.JUnitReportReporter -->
<testsuite hostname="sudhakar-PC" failures="0" tests="2" name="ADMINQUALIFICATION.AdminLicenceSearch" time="66.486" errors="0" timestamp="31 Mar 2019 05:52:09 GMT" skipped="0">
  <testcase classname="ADMINQUALIFICATION.AdminLicenceSearch" name="ExpoLic" time="29.843"/>
  <testcase classname="ADMINQUALIFICATION.AdminLicenceSearch" name="Data_driven_test" time="36.643"/>
</testsuite> <!-- ADMINQUALIFICATION.AdminLicenceSearch -->
