<?xml version="1.0" encoding="UTF-8"?>
<!-- Generated by org.testng.reporters.JUnitReportReporter -->
<testsuite hostname="sudhakar-PC" failures="0" tests="3" name="ADMINQUALIFICATION.Language" time="115.477" errors="0" timestamp="31 Mar 2019 06:40:11 GMT" skipped="0">
  <testcase classname="ADMINQUALIFICATION.Language" name="AddMem" time="49.310"/>
  <testcase classname="ADMINQUALIFICATION.Language" name="AddLan" time="27.168"/>
  <testcase classname="ADMINQUALIFICATION.Language" name="Data_driven_test" time="38.999"/>
</testsuite> <!-- ADMINQUALIFICATION.Language -->
