<?xml version="1.0" encoding="UTF-8"?>
<!-- Generated by org.testng.reporters.JUnitReportReporter -->
<testsuite hostname="sudhakar-PC" failures="0" tests="3" name="ADMINQUALIFICATION.MembershipBooleanSearch" time="132.330" errors="0" timestamp="31 Mar 2019 05:23:42 GMT" skipped="0">
  <testcase classname="ADMINQUALIFICATION.MembershipBooleanSearch" name="AddMem" time="58.348"/>
  <testcase classname="ADMINQUALIFICATION.MembershipBooleanSearch" name="ExportEducation" time="31.596"/>
  <testcase classname="ADMINQUALIFICATION.MembershipBooleanSearch" name="Data_driven_test" time="42.386"/>
</testsuite> <!-- ADMINQUALIFICATION.MembershipBooleanSearch -->
