<?xml version="1.0" encoding="UTF-8"?>
<!-- Generated by org.testng.reporters.JUnitReportReporter -->
<testsuite hostname="sudhakar-PC" failures="0" tests="3" name="ADMINQUALIFICATION.Education" time="121.039" errors="0" timestamp="31 Mar 2019 06:35:47 GMT" skipped="0">
  <testcase classname="ADMINQUALIFICATION.Education" name="AddEdu" time="49.970"/>
  <testcase classname="ADMINQUALIFICATION.Education" name="EduExpo" time="30.735"/>
  <testcase classname="ADMINQUALIFICATION.Education" name="Data_driven_test" time="40.334"/>
</testsuite> <!-- ADMINQUALIFICATION.Education -->
