<?xml version="1.0" encoding="UTF-8"?>
<!-- Generated by org.testng.reporters.JUnitReportReporter -->
<testsuite hostname="sudhakar-PC" failures="0" tests="1" name="Add_Leave_Export.Add_leave_Export" time="33.865" errors="0" timestamp="20 Mar 2019 07:28:07 GMT" skipped="0">
  <testcase classname="Add_Leave_Export.Add_leave_Export" name="AddLeave_datadriven" time="33.865"/>
</testsuite> <!-- Add_Leave_Export.Add_leave_Export -->
