<?xml version="1.0" encoding="UTF-8"?>
<!-- Generated by org.testng.reporters.JUnitReportReporter -->
<testsuite hostname="sudhakar-PC" failures="0" tests="1" name="ADMINQUALIFICATION.EmpAdd" time="56.156" errors="0" timestamp="31 Mar 2019 14:15:04 GMT" skipped="0">
  <testcase classname="ADMINQUALIFICATION.EmpAdd" name="AddEmp_datadriventest" time="56.156"/>
</testsuite> <!-- ADMINQUALIFICATION.EmpAdd -->
