<?xml version="1.0" encoding="UTF-8"?>
<!-- Generated by org.testng.reporters.JUnitReportReporter -->
<testsuite hostname="sudhakar-PC" failures="0" tests="1" name="Employee.EmployeeSearch" time="49.093" errors="0" timestamp="25 Mar 2019 10:19:41 GMT" skipped="0">
  <testcase classname="Employee.EmployeeSearch" name="boolean_datadriventest" time="49.093"/>
</testsuite> <!-- Employee.EmployeeSearch -->
