<?xml version="1.0" encoding="UTF-8"?>
<!-- Generated by org.testng.reporters.JUnitReportReporter -->
<testsuite hostname="sudhakar-PC" failures="0" tests="1" name="ADMINQUALIFICATION.AdminLanguages" time="40.991" errors="0" timestamp="23 Mar 2019 11:21:45 GMT" skipped="0">
  <testcase classname="ADMINQUALIFICATION.AdminLanguages" name="Data_driven_test" time="40.991"/>
</testsuite> <!-- ADMINQUALIFICATION.AdminLanguages -->
