<?xml version="1.0" encoding="UTF-8"?>
<!-- Generated by org.testng.reporters.JUnitReportReporter -->
<testsuite hostname="sudhakar-PC" failures="0" tests="1" name="ADMINQUALIFICATION.AdminMembership" time="52.948" errors="0" timestamp="31 Mar 2019 05:13:54 GMT" skipped="0">
  <testcase classname="ADMINQUALIFICATION.AdminMembership" name="Data_driven_test" time="52.948"/>
</testsuite> <!-- ADMINQUALIFICATION.AdminMembership -->
