<?xml version="1.0" encoding="UTF-8"?>
<!-- Generated by org.testng.reporters.JUnitReportReporter -->
<testsuite hostname="sudhakar-PC" failures="0" tests="1" name="Employee.ExportEmployees" time="89.835" errors="0" timestamp="03 Apr 2019 04:33:23 GMT" skipped="0">
  <testcase classname="Employee.ExportEmployees" name="ExportAllEmployees" time="89.835"/>
</testsuite> <!-- Employee.ExportEmployees -->
