<?xml version="1.0" encoding="UTF-8"?>
<!-- Generated by org.testng.reporters.JUnitReportReporter -->
<testsuite hostname="sudhakar-PC" failures="0" tests="1" name="ADMINQUALIFICATION.SkillsAdd" time="77.263" errors="0" timestamp="03 Apr 2019 03:48:36 GMT" skipped="0">
  <testcase classname="ADMINQUALIFICATION.SkillsAdd" name="Data_driven_test" time="77.263"/>
</testsuite> <!-- ADMINQUALIFICATION.SkillsAdd -->
