<?xml version="1.0" encoding="UTF-8"?>
<!-- Generated by org.testng.reporters.JUnitReportReporter -->
<testsuite hostname="sudhakar-PC" failures="0" tests="1" name="ADMINQUALIFICATION.adminqualification" time="56.980" errors="0" timestamp="23 Mar 2019 04:25:39 GMT" skipped="0">
  <testcase classname="ADMINQUALIFICATION.adminqualification" name="Data_driven_test" time="56.980"/>
</testsuite> <!-- ADMINQUALIFICATION.adminqualification -->
