<?xml version="1.0" encoding="UTF-8"?>
<!-- Generated by org.testng.reporters.JUnitReportReporter -->
<testsuite hostname="sudhakar-PC" failures="0" tests="1" name="ADMINQUALIFICATION.AddUsers" time="43.274" errors="0" timestamp="01 Apr 2019 04:27:52 GMT" skipped="0">
  <testcase classname="ADMINQUALIFICATION.AddUsers" name="AddEmp_datadriventest" time="43.274"/>
</testsuite> <!-- ADMINQUALIFICATION.AddUsers -->
