<?xml version="1.0" encoding="UTF-8"?>
<!-- Generated by org.testng.reporters.JUnitReportReporter -->
<testsuite hostname="sudhakar-PC" failures="0" tests="1" name="Leaves.Leavelist" time="44.662" errors="0" timestamp="20 Mar 2019 05:52:18 GMT" skipped="0">
  <testcase classname="Leaves.Leavelist" name="Leavelist_Export" time="44.662"/>
</testsuite> <!-- Leaves.Leavelist -->
