<?xml version="1.0" encoding="UTF-8"?>
<!-- Generated by org.testng.reporters.JUnitReportReporter -->
<testsuite hostname="sudhakar-PC" failures="0" tests="3" name="ADMINQUALIFICATION.AdminLanguagesSearch" time="113.417" errors="0" timestamp="29 Mar 2019 12:03:23 GMT" skipped="0">
  <testcase classname="ADMINQUALIFICATION.AdminLanguagesSearch" name="AddMem" time="46.036"/>
  <testcase classname="ADMINQUALIFICATION.AdminLanguagesSearch" name="AddLan" time="26.609"/>
  <testcase classname="ADMINQUALIFICATION.AdminLanguagesSearch" name="Data_driven_test" time="40.772"/>
</testsuite> <!-- ADMINQUALIFICATION.AdminLanguagesSearch -->
