<?xml version="1.0" encoding="UTF-8"?>
<!-- Generated by org.testng.reporters.JUnitReportReporter -->
<testsuite hostname="sudhakar-PC" failures="0" tests="1" name="ADMINQUALIFICATION.AdminEducationExport" time="27.841" errors="0" timestamp="29 Mar 2019 11:47:19 GMT" skipped="0">
  <testcase classname="ADMINQUALIFICATION.AdminEducationExport" name="ExportAllEducation" time="27.841"/>
</testsuite> <!-- ADMINQUALIFICATION.AdminEducationExport -->
