<?xml version="1.0" encoding="UTF-8"?>
<!-- Generated by org.testng.reporters.JUnitReportReporter -->
<testsuite hostname="sudhakar-PC" failures="0" tests="1" name="ADMINQUALIFICATION.AdminEducation" time="43.617" errors="0" timestamp="25 Mar 2019 10:25:53 GMT" skipped="0">
  <testcase classname="ADMINQUALIFICATION.AdminEducation" name="Data_driven_test" time="43.617"/>
</testsuite> <!-- ADMINQUALIFICATION.AdminEducation -->
