<?xml version="1.0" encoding="UTF-8"?>
<!-- Generated by org.testng.reporters.JUnitReportReporter -->
<testsuite hostname="sudhakar-PC" failures="0" tests="1" name="Employee.AddEmp" time="86.113" errors="0" timestamp="03 Apr 2019 04:25:30 GMT" skipped="0">
  <testcase classname="Employee.AddEmp" name="AddEmp_datadriventest" time="86.113"/>
</testsuite> <!-- Employee.AddEmp -->
