<?xml version="1.0" encoding="UTF-8"?>
<!-- Generated by org.testng.reporters.JUnitReportReporter -->
<testsuite hostname="sudhakar-PC" failures="0" tests="1" name="ADMINQUALIFICATION.adminSkills" time="40.481" errors="0" timestamp="27 Mar 2019 05:25:39 GMT" skipped="0">
  <testcase classname="ADMINQUALIFICATION.adminSkills" name="Data_driven_test" time="40.481"/>
</testsuite> <!-- ADMINQUALIFICATION.adminSkills -->
