<?xml version="1.0" encoding="UTF-8"?>
<!-- Generated by org.testng.reporters.JUnitReportReporter -->
<testsuite hostname="sudhakar-PC" failures="0" tests="1" name="ADMINQUALIFICATION.AddEmp" time="578.841" errors="0" timestamp="28 Mar 2019 09:50:51 GMT" skipped="0">
  <testcase classname="ADMINQUALIFICATION.AddEmp" name="AddEmp_datadriventest" time="578.841"/>
</testsuite> <!-- ADMINQUALIFICATION.AddEmp -->
