<?xml version="1.0" encoding="UTF-8"?>
<!-- Generated by org.testng.reporters.JUnitReportReporter -->
<testsuite hostname="sudhakar-PC" failures="0" tests="1" name="ADMINQUALIFICATION.AdminLicenceExport" time="39.436" errors="0" timestamp="23 Mar 2019 10:54:59 GMT" skipped="0">
  <testcase classname="ADMINQUALIFICATION.AdminLicenceExport" name="ExportAllEmployees" time="39.436"/>
</testsuite> <!-- ADMINQUALIFICATION.AdminLicenceExport -->
