<?xml version="1.0" encoding="UTF-8"?>
<!-- Generated by org.testng.reporters.JUnitReportReporter -->
<testsuite hostname="sudhakar-PC" failures="0" tests="1" name="ADMINQUALIFICATION.ExportSkills" time="32.253" errors="0" timestamp="23 Mar 2019 05:19:30 GMT" skipped="0">
  <testcase classname="ADMINQUALIFICATION.ExportSkills" name="ExportAllEmployees" time="32.253"/>
</testsuite> <!-- ADMINQUALIFICATION.ExportSkills -->
