<?xml version="1.0" encoding="UTF-8"?>
<!-- Generated by org.testng.reporters.JUnitReportReporter -->
<testsuite hostname="sudhakar-PC" failures="0" tests="1" name="ADMINQUALIFICATION.AdminMemberShipExport" time="35.740" errors="0" timestamp="31 Mar 2019 05:14:44 GMT" skipped="0">
  <testcase classname="ADMINQUALIFICATION.AdminMemberShipExport" name="ExportMemberShip" time="35.740"/>
</testsuite> <!-- ADMINQUALIFICATION.AdminMemberShipExport -->
