<?xml version="1.0" encoding="UTF-8"?>
<!-- Generated by org.testng.reporters.JUnitReportReporter -->
<testsuite hostname="sudhakar-PC" failures="0" tests="3" name="ADMINQUALIFICATION.AdminSkillSearch" time="107.111" errors="0" timestamp="31 Mar 2019 05:34:23 GMT" skipped="0">
  <testcase classname="ADMINQUALIFICATION.AdminSkillSearch" name="AddSkill" time="44.354"/>
  <testcase classname="ADMINQUALIFICATION.AdminSkillSearch" name="ExpoSkill" time="24.619"/>
  <testcase classname="ADMINQUALIFICATION.AdminSkillSearch" name="Data_driven_test" time="38.138"/>
</testsuite> <!-- ADMINQUALIFICATION.AdminSkillSearch -->
